{"/Users/malachi.richlin/Desktop/school/VolunteersRUs/server/config/config.js": {"path":"/Users/malachi.richlin/Desktop/school/VolunteersRUs/server/config/config.js","statementMap":{"0":{"start":{"line":3,"column":15},"end":{"line":7,"column":3}}},"fnMap":{},"branchMap":{},"s":{"0":2},"f":{},"b":{},"_coverageSchema":"1a1c01bbd47fc00a2c39e90264f33305004495a9","hash":"6feca3928e32cca8fddefc0aa6789b0a1a907d81"}
,"/Users/malachi.richlin/Desktop/school/VolunteersRUs/server/config/database.js": {"path":"/Users/malachi.richlin/Desktop/school/VolunteersRUs/server/config/database.js","statementMap":{"0":{"start":{"line":5,"column":18},"end":{"line":8,"column":2}}},"fnMap":{},"branchMap":{},"s":{"0":14},"f":{},"b":{},"_coverageSchema":"1a1c01bbd47fc00a2c39e90264f33305004495a9","hash":"7ba5c4604daedecbca4f9bd663c4c8a043b77dee"}
,"/Users/malachi.richlin/Desktop/school/VolunteersRUs/server/controllers/authController.js": {"path":"/Users/malachi.richlin/Desktop/school/VolunteersRUs/server/controllers/authController.js","statementMap":{"0":{"start":{"line":8,"column":25},"end":{"line":8,"column":28}},"1":{"start":{"line":11,"column":24},"end":{"line":39,"column":1}},"2":{"start":{"line":12,"column":44},"end":{"line":12,"column":52}},"3":{"start":{"line":15,"column":2},"end":{"line":17,"column":3}},"4":{"start":{"line":16,"column":4},"end":{"line":16,"column":90}},"5":{"start":{"line":19,"column":2},"end":{"line":38,"column":3}},"6":{"start":{"line":21,"column":27},"end":{"line":21,"column":62}},"7":{"start":{"line":24,"column":17},"end":{"line":24,"column":96}},"8":{"start":{"line":27,"column":21},"end":{"line":27,"column":34}},"9":{"start":{"line":30,"column":18},"end":{"line":30,"column":85}},"10":{"start":{"line":33,"column":4},"end":{"line":33,"column":36}},"11":{"start":{"line":36,"column":4},"end":{"line":36,"column":52}},"12":{"start":{"line":37,"column":4},"end":{"line":37,"column":63}},"13":{"start":{"line":42,"column":21},"end":{"line":72,"column":1}},"14":{"start":{"line":43,"column":34},"end":{"line":43,"column":42}},"15":{"start":{"line":45,"column":2},"end":{"line":71,"column":3}},"16":{"start":{"line":47,"column":17},"end":{"line":47,"column":68}},"17":{"start":{"line":49,"column":4},"end":{"line":51,"column":5}},"18":{"start":{"line":50,"column":6},"end":{"line":50,"column":69}},"19":{"start":{"line":54,"column":20},"end":{"line":54,"column":73}},"20":{"start":{"line":55,"column":4},"end":{"line":57,"column":5}},"21":{"start":{"line":56,"column":6},"end":{"line":56,"column":69}},"22":{"start":{"line":60,"column":21},"end":{"line":60,"column":34}},"23":{"start":{"line":63,"column":18},"end":{"line":63,"column":85}},"24":{"start":{"line":66,"column":4},"end":{"line":66,"column":54}},"25":{"start":{"line":69,"column":4},"end":{"line":69,"column":46}},"26":{"start":{"line":70,"column":4},"end":{"line":70,"column":57}},"27":{"start":{"line":76,"column":22},"end":{"line":78,"column":1}},"28":{"start":{"line":77,"column":2},"end":{"line":77,"column":46}},"29":{"start":{"line":80,"column":27},"end":{"line":91,"column":1}},"30":{"start":{"line":81,"column":20},"end":{"line":81,"column":28}},"31":{"start":{"line":82,"column":2},"end":{"line":90,"column":3}},"32":{"start":{"line":83,"column":20},"end":{"line":83,"column":51}},"33":{"start":{"line":84,"column":17},"end":{"line":84,"column":63}},"34":{"start":{"line":85,"column":4},"end":{"line":85,"column":27}},"35":{"start":{"line":86,"column":4},"end":{"line":86,"column":22}},"36":{"start":{"line":87,"column":4},"end":{"line":87,"column":58}},"37":{"start":{"line":89,"column":4},"end":{"line":89,"column":65}},"38":{"start":{"line":93,"column":27},"end":{"line":107,"column":1}},"39":{"start":{"line":94,"column":21},"end":{"line":94,"column":31}},"40":{"start":{"line":96,"column":2},"end":{"line":106,"column":3}},"41":{"start":{"line":97,"column":17},"end":{"line":97,"column":55}},"42":{"start":{"line":98,"column":4},"end":{"line":100,"column":5}},"43":{"start":{"line":99,"column":6},"end":{"line":99,"column":64}},"44":{"start":{"line":101,"column":4},"end":{"line":101,"column":42}},"45":{"start":{"line":104,"column":4},"end":{"line":104,"column":49}},"46":{"start":{"line":105,"column":4},"end":{"line":105,"column":62}}},"fnMap":{"0":{"name":"(anonymous_0)","decl":{"start":{"line":11,"column":24},"end":{"line":11,"column":25}},"loc":{"start":{"line":11,"column":44},"end":{"line":39,"column":1}},"line":11},"1":{"name":"(anonymous_1)","decl":{"start":{"line":42,"column":21},"end":{"line":42,"column":22}},"loc":{"start":{"line":42,"column":41},"end":{"line":72,"column":1}},"line":42},"2":{"name":"(anonymous_2)","decl":{"start":{"line":76,"column":22},"end":{"line":76,"column":23}},"loc":{"start":{"line":76,"column":36},"end":{"line":78,"column":1}},"line":76},"3":{"name":"(anonymous_3)","decl":{"start":{"line":80,"column":27},"end":{"line":80,"column":28}},"loc":{"start":{"line":80,"column":47},"end":{"line":91,"column":1}},"line":80},"4":{"name":"(anonymous_4)","decl":{"start":{"line":93,"column":27},"end":{"line":93,"column":28}},"loc":{"start":{"line":93,"column":47},"end":{"line":107,"column":1}},"line":93}},"branchMap":{"0":{"loc":{"start":{"line":15,"column":2},"end":{"line":17,"column":3}},"type":"if","locations":[{"start":{"line":15,"column":2},"end":{"line":17,"column":3}},{"start":{},"end":{}}],"line":15},"1":{"loc":{"start":{"line":15,"column":6},"end":{"line":15,"column":42}},"type":"binary-expr","locations":[{"start":{"line":15,"column":6},"end":{"line":15,"column":12}},{"start":{"line":15,"column":16},"end":{"line":15,"column":29}},{"start":{"line":15,"column":33},"end":{"line":15,"column":42}}],"line":15},"2":{"loc":{"start":{"line":49,"column":4},"end":{"line":51,"column":5}},"type":"if","locations":[{"start":{"line":49,"column":4},"end":{"line":51,"column":5}},{"start":{},"end":{}}],"line":49},"3":{"loc":{"start":{"line":55,"column":4},"end":{"line":57,"column":5}},"type":"if","locations":[{"start":{"line":55,"column":4},"end":{"line":57,"column":5}},{"start":{},"end":{}}],"line":55},"4":{"loc":{"start":{"line":98,"column":4},"end":{"line":100,"column":5}},"type":"if","locations":[{"start":{"line":98,"column":4},"end":{"line":100,"column":5}},{"start":{},"end":{}}],"line":98}},"s":{"0":2,"1":2,"2":3,"3":3,"4":1,"5":2,"6":2,"7":2,"8":1,"9":1,"10":1,"11":1,"12":1,"13":2,"14":3,"15":3,"16":3,"17":2,"18":1,"19":1,"20":1,"21":0,"22":1,"23":1,"24":1,"25":1,"26":1,"27":2,"28":1,"29":2,"30":2,"31":2,"32":2,"33":1,"34":1,"35":1,"36":1,"37":1,"38":2,"39":3,"40":3,"41":3,"42":2,"43":1,"44":1,"45":1,"46":1},"f":{"0":3,"1":3,"2":1,"3":2,"4":3},"b":{"0":[1,2],"1":[3,2,2],"2":[1,1],"3":[0,1],"4":[1,1]},"_coverageSchema":"1a1c01bbd47fc00a2c39e90264f33305004495a9","hash":"c5d14813b111e6419e01057ad1443df67052d679"}
,"/Users/malachi.richlin/Desktop/school/VolunteersRUs/server/controllers/eventController.js": {"path":"/Users/malachi.richlin/Desktop/school/VolunteersRUs/server/controllers/eventController.js","statementMap":{"0":{"start":{"line":6,"column":27},"end":{"line":15,"column":1}},"1":{"start":{"line":7,"column":20},"end":{"line":7,"column":28}},"2":{"start":{"line":8,"column":2},"end":{"line":14,"column":3}},"3":{"start":{"line":9,"column":18},"end":{"line":9,"column":45}},"4":{"start":{"line":10,"column":4},"end":{"line":10,"column":23}},"5":{"start":{"line":11,"column":4},"end":{"line":11,"column":32}},"6":{"start":{"line":13,"column":4},"end":{"line":13,"column":61}},"7":{"start":{"line":17,"column":25},"end":{"line":24,"column":1}},"8":{"start":{"line":18,"column":2},"end":{"line":23,"column":3}},"9":{"start":{"line":19,"column":19},"end":{"line":19,"column":47}},"10":{"start":{"line":20,"column":4},"end":{"line":20,"column":21}},"11":{"start":{"line":22,"column":4},"end":{"line":22,"column":62}},"12":{"start":{"line":26,"column":24},"end":{"line":36,"column":3}},"13":{"start":{"line":27,"column":4},"end":{"line":35,"column":5}},"14":{"start":{"line":28,"column":20},"end":{"line":28,"column":62}},"15":{"start":{"line":29,"column":6},"end":{"line":31,"column":7}},"16":{"start":{"line":30,"column":8},"end":{"line":30,"column":67}},"17":{"start":{"line":32,"column":6},"end":{"line":32,"column":22}},"18":{"start":{"line":34,"column":6},"end":{"line":34,"column":63}},"19":{"start":{"line":39,"column":32},"end":{"line":59,"column":3}},"20":{"start":{"line":40,"column":24},"end":{"line":40,"column":32}},"21":{"start":{"line":41,"column":19},"end":{"line":41,"column":30}},"22":{"start":{"line":43,"column":4},"end":{"line":58,"column":5}},"23":{"start":{"line":44,"column":20},"end":{"line":44,"column":56}},"24":{"start":{"line":45,"column":6},"end":{"line":47,"column":7}},"25":{"start":{"line":46,"column":8},"end":{"line":46,"column":66}},"26":{"start":{"line":49,"column":27},"end":{"line":53,"column":8}},"27":{"start":{"line":55,"column":6},"end":{"line":55,"column":91}},"28":{"start":{"line":57,"column":6},"end":{"line":57,"column":69}},"29":{"start":{"line":61,"column":29},"end":{"line":72,"column":3}},"30":{"start":{"line":62,"column":4},"end":{"line":71,"column":5}},"31":{"start":{"line":63,"column":20},"end":{"line":63,"column":62}},"32":{"start":{"line":64,"column":6},"end":{"line":66,"column":7}},"33":{"start":{"line":65,"column":8},"end":{"line":65,"column":67}},"34":{"start":{"line":67,"column":6},"end":{"line":67,"column":35}},"35":{"start":{"line":68,"column":6},"end":{"line":68,"column":66}},"36":{"start":{"line":70,"column":6},"end":{"line":70,"column":63}},"37":{"start":{"line":75,"column":29},"end":{"line":86,"column":3}},"38":{"start":{"line":76,"column":4},"end":{"line":85,"column":5}},"39":{"start":{"line":77,"column":20},"end":{"line":77,"column":62}},"40":{"start":{"line":78,"column":6},"end":{"line":80,"column":7}},"41":{"start":{"line":79,"column":8},"end":{"line":79,"column":67}},"42":{"start":{"line":81,"column":6},"end":{"line":81,"column":28}},"43":{"start":{"line":82,"column":6},"end":{"line":82,"column":59}},"44":{"start":{"line":84,"column":6},"end":{"line":84,"column":63}}},"fnMap":{"0":{"name":"(anonymous_0)","decl":{"start":{"line":6,"column":27},"end":{"line":6,"column":28}},"loc":{"start":{"line":6,"column":47},"end":{"line":15,"column":1}},"line":6},"1":{"name":"(anonymous_1)","decl":{"start":{"line":17,"column":25},"end":{"line":17,"column":26}},"loc":{"start":{"line":17,"column":45},"end":{"line":24,"column":1}},"line":17},"2":{"name":"(anonymous_2)","decl":{"start":{"line":26,"column":24},"end":{"line":26,"column":25}},"loc":{"start":{"line":26,"column":44},"end":{"line":36,"column":3}},"line":26},"3":{"name":"(anonymous_3)","decl":{"start":{"line":39,"column":32},"end":{"line":39,"column":33}},"loc":{"start":{"line":39,"column":52},"end":{"line":59,"column":3}},"line":39},"4":{"name":"(anonymous_4)","decl":{"start":{"line":61,"column":29},"end":{"line":61,"column":30}},"loc":{"start":{"line":61,"column":49},"end":{"line":72,"column":3}},"line":61},"5":{"name":"(anonymous_5)","decl":{"start":{"line":75,"column":29},"end":{"line":75,"column":30}},"loc":{"start":{"line":75,"column":49},"end":{"line":86,"column":3}},"line":75}},"branchMap":{"0":{"loc":{"start":{"line":29,"column":6},"end":{"line":31,"column":7}},"type":"if","locations":[{"start":{"line":29,"column":6},"end":{"line":31,"column":7}},{"start":{},"end":{}}],"line":29},"1":{"loc":{"start":{"line":45,"column":6},"end":{"line":47,"column":7}},"type":"if","locations":[{"start":{"line":45,"column":6},"end":{"line":47,"column":7}},{"start":{},"end":{}}],"line":45},"2":{"loc":{"start":{"line":64,"column":6},"end":{"line":66,"column":7}},"type":"if","locations":[{"start":{"line":64,"column":6},"end":{"line":66,"column":7}},{"start":{},"end":{}}],"line":64},"3":{"loc":{"start":{"line":78,"column":6},"end":{"line":80,"column":7}},"type":"if","locations":[{"start":{"line":78,"column":6},"end":{"line":80,"column":7}},{"start":{},"end":{}}],"line":78}},"s":{"0":2,"1":2,"2":2,"3":2,"4":2,"5":1,"6":1,"7":2,"8":2,"9":2,"10":1,"11":1,"12":2,"13":3,"14":3,"15":2,"16":1,"17":1,"18":1,"19":2,"20":3,"21":3,"22":3,"23":3,"24":2,"25":1,"26":1,"27":1,"28":1,"29":2,"30":3,"31":3,"32":2,"33":1,"34":1,"35":1,"36":1,"37":2,"38":3,"39":3,"40":2,"41":1,"42":1,"43":1,"44":1},"f":{"0":2,"1":2,"2":3,"3":3,"4":3,"5":3},"b":{"0":[1,1],"1":[1,1],"2":[1,1],"3":[1,1]},"_coverageSchema":"1a1c01bbd47fc00a2c39e90264f33305004495a9","hash":"0f21b214ae18412a494db6cbb445ebdd261549bb"}
,"/Users/malachi.richlin/Desktop/school/VolunteersRUs/server/controllers/historyController.js": {"path":"/Users/malachi.richlin/Desktop/school/VolunteersRUs/server/controllers/historyController.js","statementMap":{"0":{"start":{"line":7,"column":35},"end":{"line":70,"column":1}},"1":{"start":{"line":8,"column":21},"end":{"line":8,"column":29}},"2":{"start":{"line":10,"column":2},"end":{"line":10,"column":42}},"3":{"start":{"line":13,"column":2},"end":{"line":15,"column":3}},"4":{"start":{"line":14,"column":4},"end":{"line":14,"column":66}},"5":{"start":{"line":17,"column":2},"end":{"line":69,"column":3}},"6":{"start":{"line":19,"column":20},"end":{"line":30,"column":6}},"7":{"start":{"line":32,"column":4},"end":{"line":32,"column":55}},"8":{"start":{"line":34,"column":4},"end":{"line":36,"column":5}},"9":{"start":{"line":35,"column":6},"end":{"line":35,"column":76}},"10":{"start":{"line":39,"column":20},"end":{"line":39,"column":66}},"11":{"start":{"line":39,"column":52},"end":{"line":39,"column":63}},"12":{"start":{"line":42,"column":25},"end":{"line":45,"column":6}},"13":{"start":{"line":47,"column":4},"end":{"line":47,"column":56}},"14":{"start":{"line":50,"column":29},"end":{"line":62,"column":6}},"15":{"start":{"line":51,"column":26},"end":{"line":51,"column":86}},"16":{"start":{"line":51,"column":55},"end":{"line":51,"column":85}},"17":{"start":{"line":52,"column":6},"end":{"line":61,"column":8}},"18":{"start":{"line":65,"column":4},"end":{"line":65,"column":56}},"19":{"start":{"line":67,"column":4},"end":{"line":67,"column":62}},"20":{"start":{"line":68,"column":4},"end":{"line":68,"column":73}}},"fnMap":{"0":{"name":"(anonymous_0)","decl":{"start":{"line":7,"column":35},"end":{"line":7,"column":36}},"loc":{"start":{"line":7,"column":55},"end":{"line":70,"column":1}},"line":7},"1":{"name":"(anonymous_1)","decl":{"start":{"line":39,"column":44},"end":{"line":39,"column":45}},"loc":{"start":{"line":39,"column":52},"end":{"line":39,"column":63}},"line":39},"2":{"name":"(anonymous_2)","decl":{"start":{"line":50,"column":41},"end":{"line":50,"column":42}},"loc":{"start":{"line":50,"column":49},"end":{"line":62,"column":5}},"line":50},"3":{"name":"(anonymous_3)","decl":{"start":{"line":51,"column":44},"end":{"line":51,"column":45}},"loc":{"start":{"line":51,"column":55},"end":{"line":51,"column":85}},"line":51}},"branchMap":{"0":{"loc":{"start":{"line":13,"column":2},"end":{"line":15,"column":3}},"type":"if","locations":[{"start":{"line":13,"column":2},"end":{"line":15,"column":3}},{"start":{},"end":{}}],"line":13},"1":{"loc":{"start":{"line":34,"column":4},"end":{"line":36,"column":5}},"type":"if","locations":[{"start":{"line":34,"column":4},"end":{"line":36,"column":5}},{"start":{},"end":{}}],"line":34},"2":{"loc":{"start":{"line":53,"column":18},"end":{"line":53,"column":59}},"type":"cond-expr","locations":[{"start":{"line":53,"column":32},"end":{"line":53,"column":52}},{"start":{"line":53,"column":55},"end":{"line":53,"column":59}}],"line":53}},"s":{"0":2,"1":4,"2":4,"3":4,"4":1,"5":3,"6":3,"7":2,"8":2,"9":1,"10":1,"11":1,"12":1,"13":1,"14":1,"15":1,"16":1,"17":1,"18":1,"19":1,"20":1},"f":{"0":4,"1":1,"2":1,"3":1},"b":{"0":[1,3],"1":[1,1],"2":[1,0]},"_coverageSchema":"1a1c01bbd47fc00a2c39e90264f33305004495a9","hash":"f3f23a18fab39879178b5956fa0eabadd81e17be"}
,"/Users/malachi.richlin/Desktop/school/VolunteersRUs/server/controllers/matchingController.js": {"path":"/Users/malachi.richlin/Desktop/school/VolunteersRUs/server/controllers/matchingController.js","statementMap":{"0":{"start":{"line":9,"column":39},"end":{"line":64,"column":1}},"1":{"start":{"line":10,"column":2},"end":{"line":63,"column":3}},"2":{"start":{"line":11,"column":19},"end":{"line":11,"column":34}},"3":{"start":{"line":14,"column":29},"end":{"line":17,"column":6}},"4":{"start":{"line":19,"column":4},"end":{"line":21,"column":5}},"5":{"start":{"line":20,"column":6},"end":{"line":20,"column":76}},"6":{"start":{"line":24,"column":21},"end":{"line":24,"column":23}},"7":{"start":{"line":25,"column":4},"end":{"line":30,"column":5}},"8":{"start":{"line":26,"column":6},"end":{"line":26,"column":55}},"9":{"start":{"line":28,"column":6},"end":{"line":28,"column":57}},"10":{"start":{"line":29,"column":6},"end":{"line":29,"column":74}},"11":{"start":{"line":33,"column":4},"end":{"line":35,"column":5}},"12":{"start":{"line":34,"column":6},"end":{"line":34,"column":32}},"13":{"start":{"line":36,"column":4},"end":{"line":36,"column":55}},"14":{"start":{"line":36,"column":41},"end":{"line":36,"column":53}},"15":{"start":{"line":39,"column":22},"end":{"line":39,"column":50}},"16":{"start":{"line":42,"column":27},"end":{"line":55,"column":6}},"17":{"start":{"line":44,"column":29},"end":{"line":44,"column":87}},"18":{"start":{"line":44,"column":74},"end":{"line":44,"column":86}},"19":{"start":{"line":47,"column":32},"end":{"line":47,"column":89}},"20":{"start":{"line":47,"column":62},"end":{"line":47,"column":88}},"21":{"start":{"line":50,"column":24},"end":{"line":50,"column":49}},"22":{"start":{"line":51,"column":26},"end":{"line":51,"column":103}},"23":{"start":{"line":54,"column":6},"end":{"line":54,"column":46}},"24":{"start":{"line":59,"column":4},"end":{"line":59,"column":45}},"25":{"start":{"line":61,"column":4},"end":{"line":61,"column":65}},"26":{"start":{"line":62,"column":4},"end":{"line":62,"column":93}},"27":{"start":{"line":66,"column":32},"end":{"line":88,"column":1}},"28":{"start":{"line":67,"column":2},"end":{"line":87,"column":3}},"29":{"start":{"line":68,"column":23},"end":{"line":77,"column":6}},"30":{"start":{"line":79,"column":4},"end":{"line":81,"column":5}},"31":{"start":{"line":80,"column":6},"end":{"line":80,"column":70}},"32":{"start":{"line":83,"column":4},"end":{"line":83,"column":25}},"33":{"start":{"line":85,"column":4},"end":{"line":85,"column":55}},"34":{"start":{"line":86,"column":4},"end":{"line":86,"column":65}},"35":{"start":{"line":90,"column":36},"end":{"line":120,"column":1}},"36":{"start":{"line":91,"column":2},"end":{"line":119,"column":3}},"37":{"start":{"line":92,"column":32},"end":{"line":92,"column":40}},"38":{"start":{"line":93,"column":4},"end":{"line":93,"column":24}},"39":{"start":{"line":94,"column":4},"end":{"line":94,"column":25}},"40":{"start":{"line":96,"column":25},"end":{"line":99,"column":6}},"41":{"start":{"line":101,"column":4},"end":{"line":103,"column":5}},"42":{"start":{"line":102,"column":6},"end":{"line":102,"column":64}},"43":{"start":{"line":106,"column":21},"end":{"line":111,"column":6}},"44":{"start":{"line":112,"column":4},"end":{"line":112,"column":26}},"45":{"start":{"line":115,"column":4},"end":{"line":115,"column":82}},"46":{"start":{"line":117,"column":4},"end":{"line":117,"column":74}},"47":{"start":{"line":118,"column":4},"end":{"line":118,"column":99}}},"fnMap":{"0":{"name":"(anonymous_0)","decl":{"start":{"line":9,"column":39},"end":{"line":9,"column":40}},"loc":{"start":{"line":9,"column":59},"end":{"line":64,"column":1}},"line":9},"1":{"name":"(anonymous_1)","decl":{"start":{"line":36,"column":32},"end":{"line":36,"column":33}},"loc":{"start":{"line":36,"column":41},"end":{"line":36,"column":53}},"line":36},"2":{"name":"(anonymous_2)","decl":{"start":{"line":42,"column":44},"end":{"line":42,"column":45}},"loc":{"start":{"line":42,"column":53},"end":{"line":55,"column":5}},"line":42},"3":{"name":"(anonymous_3)","decl":{"start":{"line":44,"column":65},"end":{"line":44,"column":66}},"loc":{"start":{"line":44,"column":74},"end":{"line":44,"column":86}},"line":44},"4":{"name":"(anonymous_4)","decl":{"start":{"line":47,"column":53},"end":{"line":47,"column":54}},"loc":{"start":{"line":47,"column":62},"end":{"line":47,"column":88}},"line":47},"5":{"name":"(anonymous_5)","decl":{"start":{"line":66,"column":32},"end":{"line":66,"column":33}},"loc":{"start":{"line":66,"column":52},"end":{"line":88,"column":1}},"line":66},"6":{"name":"(anonymous_6)","decl":{"start":{"line":90,"column":36},"end":{"line":90,"column":37}},"loc":{"start":{"line":90,"column":56},"end":{"line":120,"column":1}},"line":90}},"branchMap":{"0":{"loc":{"start":{"line":19,"column":4},"end":{"line":21,"column":5}},"type":"if","locations":[{"start":{"line":19,"column":4},"end":{"line":21,"column":5}},{"start":{},"end":{}}],"line":19},"1":{"loc":{"start":{"line":33,"column":4},"end":{"line":35,"column":5}},"type":"if","locations":[{"start":{"line":33,"column":4},"end":{"line":35,"column":5}},{"start":{},"end":{}}],"line":33},"2":{"loc":{"start":{"line":54,"column":13},"end":{"line":54,"column":45}},"type":"binary-expr","locations":[{"start":{"line":54,"column":13},"end":{"line":54,"column":30}},{"start":{"line":54,"column":34},"end":{"line":54,"column":45}}],"line":54},"3":{"loc":{"start":{"line":79,"column":4},"end":{"line":81,"column":5}},"type":"if","locations":[{"start":{"line":79,"column":4},"end":{"line":81,"column":5}},{"start":{},"end":{}}],"line":79},"4":{"loc":{"start":{"line":101,"column":4},"end":{"line":103,"column":5}},"type":"if","locations":[{"start":{"line":101,"column":4},"end":{"line":103,"column":5}},{"start":{},"end":{}}],"line":101}},"s":{"0":1,"1":0,"2":0,"3":0,"4":0,"5":0,"6":0,"7":0,"8":0,"9":0,"10":0,"11":0,"12":0,"13":0,"14":0,"15":0,"16":0,"17":0,"18":0,"19":0,"20":0,"21":0,"22":0,"23":0,"24":0,"25":0,"26":0,"27":1,"28":0,"29":0,"30":0,"31":0,"32":0,"33":0,"34":0,"35":1,"36":0,"37":0,"38":0,"39":0,"40":0,"41":0,"42":0,"43":0,"44":0,"45":0,"46":0,"47":0},"f":{"0":0,"1":0,"2":0,"3":0,"4":0,"5":0,"6":0},"b":{"0":[0,0],"1":[0,0],"2":[0,0],"3":[0,0],"4":[0,0]},"_coverageSchema":"1a1c01bbd47fc00a2c39e90264f33305004495a9","hash":"d1d5cc204a363bd64f1807abb6b6ee171b583a20"}
,"/Users/malachi.richlin/Desktop/school/VolunteersRUs/server/controllers/notificationController.js": {"path":"/Users/malachi.richlin/Desktop/school/VolunteersRUs/server/controllers/notificationController.js","statementMap":{"0":{"start":{"line":4,"column":32},"end":{"line":14,"column":1}},"1":{"start":{"line":5,"column":30},"end":{"line":5,"column":38}},"2":{"start":{"line":6,"column":2},"end":{"line":13,"column":3}},"3":{"start":{"line":7,"column":25},"end":{"line":7,"column":71}},"4":{"start":{"line":8,"column":4},"end":{"line":8,"column":51}},"5":{"start":{"line":9,"column":4},"end":{"line":9,"column":39}},"6":{"start":{"line":11,"column":4},"end":{"line":11,"column":56}},"7":{"start":{"line":12,"column":4},"end":{"line":12,"column":67}}},"fnMap":{"0":{"name":"(anonymous_0)","decl":{"start":{"line":4,"column":32},"end":{"line":4,"column":33}},"loc":{"start":{"line":4,"column":52},"end":{"line":14,"column":1}},"line":4}},"branchMap":{},"s":{"0":1,"1":0,"2":0,"3":0,"4":0,"5":0,"6":0,"7":0},"f":{"0":0},"b":{},"_coverageSchema":"1a1c01bbd47fc00a2c39e90264f33305004495a9","hash":"f1419fcc6b8a21ea83fb213ac707078f9b6f8f0c"}
,"/Users/malachi.richlin/Desktop/school/VolunteersRUs/server/controllers/profileController.js": {"path":"/Users/malachi.richlin/Desktop/school/VolunteersRUs/server/controllers/profileController.js","statementMap":{"0":{"start":{"line":5,"column":26},"end":{"line":26,"column":1}},"1":{"start":{"line":6,"column":17},"end":{"line":6,"column":28}},"2":{"start":{"line":8,"column":2},"end":{"line":25,"column":3}},"3":{"start":{"line":9,"column":20},"end":{"line":9,"column":76}},"4":{"start":{"line":11,"column":4},"end":{"line":14,"column":5}},"5":{"start":{"line":12,"column":6},"end":{"line":12,"column":59}},"6":{"start":{"line":13,"column":6},"end":{"line":13,"column":67}},"7":{"start":{"line":17,"column":19},"end":{"line":17,"column":67}},"8":{"start":{"line":18,"column":25},"end":{"line":18,"column":85}},"9":{"start":{"line":21,"column":4},"end":{"line":21,"column":94}},"10":{"start":{"line":23,"column":4},"end":{"line":23,"column":52}},"11":{"start":{"line":24,"column":4},"end":{"line":24,"column":71}},"12":{"start":{"line":29,"column":29},"end":{"line":65,"column":1}},"13":{"start":{"line":30,"column":17},"end":{"line":30,"column":28}},"14":{"start":{"line":42,"column":6},"end":{"line":42,"column":14}},"15":{"start":{"line":44,"column":26},"end":{"line":44,"column":54}},"16":{"start":{"line":46,"column":2},"end":{"line":64,"column":3}},"17":{"start":{"line":47,"column":20},"end":{"line":58,"column":6}},"18":{"start":{"line":60,"column":4},"end":{"line":60,"column":34}},"19":{"start":{"line":62,"column":4},"end":{"line":62,"column":52}},"20":{"start":{"line":63,"column":4},"end":{"line":63,"column":63}},"21":{"start":{"line":67,"column":29},"end":{"line":100,"column":1}},"22":{"start":{"line":68,"column":17},"end":{"line":68,"column":28}},"23":{"start":{"line":69,"column":22},"end":{"line":69,"column":30}},"24":{"start":{"line":71,"column":2},"end":{"line":99,"column":3}},"25":{"start":{"line":72,"column":20},"end":{"line":72,"column":76}},"26":{"start":{"line":74,"column":4},"end":{"line":76,"column":5}},"27":{"start":{"line":75,"column":6},"end":{"line":75,"column":66}},"28":{"start":{"line":78,"column":4},"end":{"line":80,"column":5}},"29":{"start":{"line":79,"column":6},"end":{"line":79,"column":62}},"30":{"start":{"line":82,"column":4},"end":{"line":84,"column":5}},"31":{"start":{"line":83,"column":6},"end":{"line":83,"column":74}},"32":{"start":{"line":86,"column":4},"end":{"line":86,"column":38}},"33":{"start":{"line":89,"column":27},"end":{"line":89,"column":83}},"34":{"start":{"line":92,"column":19},"end":{"line":92,"column":81}},"35":{"start":{"line":93,"column":25},"end":{"line":93,"column":99}},"36":{"start":{"line":95,"column":4},"end":{"line":95,"column":101}},"37":{"start":{"line":97,"column":4},"end":{"line":97,"column":52}},"38":{"start":{"line":98,"column":4},"end":{"line":98,"column":63}}},"fnMap":{"0":{"name":"(anonymous_0)","decl":{"start":{"line":5,"column":26},"end":{"line":5,"column":27}},"loc":{"start":{"line":5,"column":46},"end":{"line":26,"column":1}},"line":5},"1":{"name":"(anonymous_1)","decl":{"start":{"line":29,"column":29},"end":{"line":29,"column":30}},"loc":{"start":{"line":29,"column":49},"end":{"line":65,"column":1}},"line":29},"2":{"name":"(anonymous_2)","decl":{"start":{"line":67,"column":29},"end":{"line":67,"column":30}},"loc":{"start":{"line":67,"column":49},"end":{"line":100,"column":1}},"line":67}},"branchMap":{"0":{"loc":{"start":{"line":11,"column":4},"end":{"line":14,"column":5}},"type":"if","locations":[{"start":{"line":11,"column":4},"end":{"line":14,"column":5}},{"start":{},"end":{}}],"line":11},"1":{"loc":{"start":{"line":17,"column":19},"end":{"line":17,"column":67}},"type":"cond-expr","locations":[{"start":{"line":17,"column":36},"end":{"line":17,"column":62}},{"start":{"line":17,"column":65},"end":{"line":17,"column":67}}],"line":17},"2":{"loc":{"start":{"line":18,"column":25},"end":{"line":18,"column":85}},"type":"cond-expr","locations":[{"start":{"line":18,"column":48},"end":{"line":18,"column":80}},{"start":{"line":18,"column":83},"end":{"line":18,"column":85}}],"line":18},"3":{"loc":{"start":{"line":74,"column":4},"end":{"line":76,"column":5}},"type":"if","locations":[{"start":{"line":74,"column":4},"end":{"line":76,"column":5}},{"start":{},"end":{}}],"line":74},"4":{"loc":{"start":{"line":78,"column":4},"end":{"line":80,"column":5}},"type":"if","locations":[{"start":{"line":78,"column":4},"end":{"line":80,"column":5}},{"start":{},"end":{}}],"line":78},"5":{"loc":{"start":{"line":82,"column":4},"end":{"line":84,"column":5}},"type":"if","locations":[{"start":{"line":82,"column":4},"end":{"line":84,"column":5}},{"start":{},"end":{}}],"line":82},"6":{"loc":{"start":{"line":92,"column":19},"end":{"line":92,"column":81}},"type":"cond-expr","locations":[{"start":{"line":92,"column":43},"end":{"line":92,"column":76}},{"start":{"line":92,"column":79},"end":{"line":92,"column":81}}],"line":92},"7":{"loc":{"start":{"line":93,"column":25},"end":{"line":93,"column":99}},"type":"cond-expr","locations":[{"start":{"line":93,"column":55},"end":{"line":93,"column":94}},{"start":{"line":93,"column":97},"end":{"line":93,"column":99}}],"line":93}},"s":{"0":2,"1":3,"2":3,"3":3,"4":2,"5":1,"6":1,"7":1,"8":1,"9":1,"10":2,"11":2,"12":2,"13":2,"14":2,"15":2,"16":2,"17":2,"18":1,"19":1,"20":1,"21":2,"22":3,"23":3,"24":3,"25":3,"26":3,"27":1,"28":2,"29":2,"30":2,"31":2,"32":2,"33":1,"34":1,"35":1,"36":1,"37":2,"38":2},"f":{"0":3,"1":2,"2":3},"b":{"0":[1,1],"1":[1,0],"2":[1,0],"3":[1,2],"4":[2,0],"5":[2,0],"6":[1,0],"7":[1,0]},"_coverageSchema":"1a1c01bbd47fc00a2c39e90264f33305004495a9","hash":"8ebd3e530e1dae8608cfea4ba1e07223ebe03445"}
,"/Users/malachi.richlin/Desktop/school/VolunteersRUs/server/middlewares/authMiddleware.js": {"path":"/Users/malachi.richlin/Desktop/school/VolunteersRUs/server/middlewares/authMiddleware.js","statementMap":{"0":{"start":{"line":5,"column":19},"end":{"line":5,"column":22}},"1":{"start":{"line":8,"column":16},"end":{"line":8,"column":67}},"2":{"start":{"line":9,"column":2},"end":{"line":11,"column":3}},"3":{"start":{"line":10,"column":4},"end":{"line":10,"column":67}},"4":{"start":{"line":12,"column":2},"end":{"line":22,"column":3}},"5":{"start":{"line":13,"column":20},"end":{"line":13,"column":52}},"6":{"start":{"line":14,"column":4},"end":{"line":17,"column":6}},"7":{"start":{"line":19,"column":4},"end":{"line":19,"column":11}},"8":{"start":{"line":21,"column":4},"end":{"line":21,"column":54}}},"fnMap":{"0":{"name":"authMiddleware","decl":{"start":{"line":7,"column":24},"end":{"line":7,"column":38}},"loc":{"start":{"line":7,"column":55},"end":{"line":23,"column":1}},"line":7}},"branchMap":{"0":{"loc":{"start":{"line":9,"column":2},"end":{"line":11,"column":3}},"type":"if","locations":[{"start":{"line":9,"column":2},"end":{"line":11,"column":3}},{"start":{},"end":{}}],"line":9}},"s":{"0":6,"1":3,"2":3,"3":1,"4":2,"5":2,"6":1,"7":1,"8":1},"f":{"0":3},"b":{"0":[1,2]},"_coverageSchema":"1a1c01bbd47fc00a2c39e90264f33305004495a9","hash":"d89b683a3936274b7654f6ae58e86a404c1abf05"}
,"/Users/malachi.richlin/Desktop/school/VolunteersRUs/server/models/EventDetails.js": {"path":"/Users/malachi.richlin/Desktop/school/VolunteersRUs/server/models/EventDetails.js","statementMap":{"0":{"start":{"line":6,"column":21},"end":{"line":44,"column":2}}},"fnMap":{},"branchMap":{},"s":{"0":6},"f":{},"b":{},"_coverageSchema":"1a1c01bbd47fc00a2c39e90264f33305004495a9","hash":"90c28739f0a84cef19e8fc506459352641d9ee99"}
,"/Users/malachi.richlin/Desktop/school/VolunteersRUs/server/models/UserCredentials.js": {"path":"/Users/malachi.richlin/Desktop/school/VolunteersRUs/server/models/UserCredentials.js","statementMap":{"0":{"start":{"line":6,"column":24},"end":{"line":46,"column":2}}},"fnMap":{},"branchMap":{},"s":{"0":8},"f":{},"b":{},"_coverageSchema":"1a1c01bbd47fc00a2c39e90264f33305004495a9","hash":"5953da62ab7e48f79e150fd70a64c7845b97dafb"}
,"/Users/malachi.richlin/Desktop/school/VolunteersRUs/server/models/UserProfile.js": {"path":"/Users/malachi.richlin/Desktop/school/VolunteersRUs/server/models/UserProfile.js","statementMap":{"0":{"start":{"line":6,"column":20},"end":{"line":61,"column":2}},"1":{"start":{"line":63,"column":0},"end":{"line":63,"column":65}}},"fnMap":{},"branchMap":{},"s":{"0":5,"1":5},"f":{},"b":{},"_coverageSchema":"1a1c01bbd47fc00a2c39e90264f33305004495a9","hash":"39431ad9ba1b0f286ed55d215d6d5714b9842ba7"}
,"/Users/malachi.richlin/Desktop/school/VolunteersRUs/server/models/VolunteerHistory.js": {"path":"/Users/malachi.richlin/Desktop/school/VolunteersRUs/server/models/VolunteerHistory.js","statementMap":{"0":{"start":{"line":5,"column":25},"end":{"line":43,"column":2}}},"fnMap":{},"branchMap":{},"s":{"0":5},"f":{},"b":{},"_coverageSchema":"1a1c01bbd47fc00a2c39e90264f33305004495a9","hash":"1810a02e252ef5de8ecb73e4f34b724a416dd543"}
,"/Users/malachi.richlin/Desktop/school/VolunteersRUs/server/routes/authRoutes.js": {"path":"/Users/malachi.richlin/Desktop/school/VolunteersRUs/server/routes/authRoutes.js","statementMap":{"0":{"start":{"line":6,"column":15},"end":{"line":6,"column":31}},"1":{"start":{"line":8,"column":0},"end":{"line":8,"column":35}},"2":{"start":{"line":9,"column":0},"end":{"line":9,"column":29}},"3":{"start":{"line":10,"column":0},"end":{"line":10,"column":31}},"4":{"start":{"line":11,"column":0},"end":{"line":11,"column":42}},"5":{"start":{"line":12,"column":0},"end":{"line":12,"column":41}}},"fnMap":{},"branchMap":{},"s":{"0":1,"1":1,"2":1,"3":1,"4":1,"5":1},"f":{},"b":{},"_coverageSchema":"1a1c01bbd47fc00a2c39e90264f33305004495a9","hash":"4f96dee568d3cd82a643ae4e3578eacbef7ad7d8"}
,"/Users/malachi.richlin/Desktop/school/VolunteersRUs/server/routes/eventRoutes.js": {"path":"/Users/malachi.richlin/Desktop/school/VolunteersRUs/server/routes/eventRoutes.js","statementMap":{"0":{"start":{"line":6,"column":15},"end":{"line":6,"column":23}},"1":{"start":{"line":8,"column":0},"end":{"line":8,"column":52}},"2":{"start":{"line":9,"column":0},"end":{"line":9,"column":66}},"3":{"start":{"line":10,"column":0},"end":{"line":10,"column":49}},"4":{"start":{"line":11,"column":0},"end":{"line":11,"column":52}},"5":{"start":{"line":12,"column":0},"end":{"line":12,"column":55}},"6":{"start":{"line":13,"column":0},"end":{"line":13,"column":58}}},"fnMap":{},"branchMap":{},"s":{"0":1,"1":1,"2":1,"3":1,"4":1,"5":1,"6":1},"f":{},"b":{},"_coverageSchema":"1a1c01bbd47fc00a2c39e90264f33305004495a9","hash":"71756baccd64fd88c4ca009fbc0115005a596dd6"}
,"/Users/malachi.richlin/Desktop/school/VolunteersRUs/server/routes/historyRoutes.js": {"path":"/Users/malachi.richlin/Desktop/school/VolunteersRUs/server/routes/historyRoutes.js","statementMap":{"0":{"start":{"line":6,"column":15},"end":{"line":6,"column":23}},"1":{"start":{"line":8,"column":0},"end":{"line":8,"column":61}}},"fnMap":{},"branchMap":{},"s":{"0":1,"1":1},"f":{},"b":{},"_coverageSchema":"1a1c01bbd47fc00a2c39e90264f33305004495a9","hash":"6dd3ba2886d27c0381939fc612c2b88999cb38f0"}
,"/Users/malachi.richlin/Desktop/school/VolunteersRUs/server/routes/matchingRoutes.js": {"path":"/Users/malachi.richlin/Desktop/school/VolunteersRUs/server/routes/matchingRoutes.js","statementMap":{"0":{"start":{"line":7,"column":15},"end":{"line":7,"column":23}},"1":{"start":{"line":10,"column":0},"end":{"line":10,"column":66}},"2":{"start":{"line":13,"column":0},"end":{"line":13,"column":60}},"3":{"start":{"line":16,"column":0},"end":{"line":16,"column":66}}},"fnMap":{},"branchMap":{},"s":{"0":1,"1":1,"2":1,"3":1},"f":{},"b":{},"_coverageSchema":"1a1c01bbd47fc00a2c39e90264f33305004495a9","hash":"9d05f5dffb1783518fe29c5d195a55af9439693c"}
,"/Users/malachi.richlin/Desktop/school/VolunteersRUs/server/routes/notificationRoutes.js": {"path":"/Users/malachi.richlin/Desktop/school/VolunteersRUs/server/routes/notificationRoutes.js","statementMap":{"0":{"start":{"line":6,"column":15},"end":{"line":6,"column":23}},"1":{"start":{"line":8,"column":0},"end":{"line":8,"column":64}}},"fnMap":{},"branchMap":{},"s":{"0":1,"1":1},"f":{},"b":{},"_coverageSchema":"1a1c01bbd47fc00a2c39e90264f33305004495a9","hash":"180f2ef2b0eec4ba5a521344f34a0f15df1770a2"}
,"/Users/malachi.richlin/Desktop/school/VolunteersRUs/server/routes/profileRoutes.js": {"path":"/Users/malachi.richlin/Desktop/school/VolunteersRUs/server/routes/profileRoutes.js","statementMap":{"0":{"start":{"line":7,"column":15},"end":{"line":7,"column":23}},"1":{"start":{"line":9,"column":0},"end":{"line":9,"column":51}},"2":{"start":{"line":10,"column":0},"end":{"line":10,"column":55}},"3":{"start":{"line":11,"column":0},"end":{"line":11,"column":54}}},"fnMap":{},"branchMap":{},"s":{"0":1,"1":1,"2":1,"3":1},"f":{},"b":{},"_coverageSchema":"1a1c01bbd47fc00a2c39e90264f33305004495a9","hash":"cd35279dcc490fb99614e5a596f38c66c29badbb"}
,"/Users/malachi.richlin/Desktop/school/VolunteersRUs/server/services/sendNotification.js": {"path":"/Users/malachi.richlin/Desktop/school/VolunteersRUs/server/services/sendNotification.js","statementMap":{"0":{"start":{"line":5,"column":0},"end":{"line":5,"column":40}},"1":{"start":{"line":7,"column":32},"end":{"line":29,"column":1}},"2":{"start":{"line":8,"column":2},"end":{"line":28,"column":3}},"3":{"start":{"line":9,"column":17},"end":{"line":9,"column":73}},"4":{"start":{"line":11,"column":4},"end":{"line":13,"column":5}},"5":{"start":{"line":12,"column":6},"end":{"line":12,"column":41}},"6":{"start":{"line":15,"column":16},"end":{"line":21,"column":5}},"7":{"start":{"line":23,"column":4},"end":{"line":23,"column":27}},"8":{"start":{"line":24,"column":4},"end":{"line":24,"column":51}},"9":{"start":{"line":26,"column":4},"end":{"line":26,"column":56}},"10":{"start":{"line":27,"column":4},"end":{"line":27,"column":52}}},"fnMap":{"0":{"name":"(anonymous_0)","decl":{"start":{"line":7,"column":32},"end":{"line":7,"column":33}},"loc":{"start":{"line":7,"column":59},"end":{"line":29,"column":1}},"line":7}},"branchMap":{"0":{"loc":{"start":{"line":11,"column":4},"end":{"line":13,"column":5}},"type":"if","locations":[{"start":{"line":11,"column":4},"end":{"line":13,"column":5}},{"start":{},"end":{}}],"line":11}},"s":{"0":1,"1":1,"2":0,"3":0,"4":0,"5":0,"6":0,"7":0,"8":0,"9":0,"10":0},"f":{"0":0},"b":{"0":[0,0]},"_coverageSchema":"1a1c01bbd47fc00a2c39e90264f33305004495a9","hash":"12ce0d79e7ad8a1beb4adc7bd281a6b24932c733"}
}
