{"/Users/malachi.richlin/Desktop/school/VolunteersRUs/server/config/config.js": {"path":"/Users/malachi.richlin/Desktop/school/VolunteersRUs/server/config/config.js","statementMap":{"0":{"start":{"line":2,"column":0},"end":{"line":2,"column":16}},"1":{"start":{"line":5,"column":0},"end":{"line":5,"column":45}},"2":{"start":{"line":6,"column":0},"end":{"line":6,"column":45}},"3":{"start":{"line":7,"column":0},"end":{"line":7,"column":53}},"4":{"start":{"line":8,"column":0},"end":{"line":8,"column":53}},"5":{"start":{"line":9,"column":0},"end":{"line":9,"column":45}},"6":{"start":{"line":11,"column":15},"end":{"line":22,"column":1}}},"fnMap":{},"branchMap":{"0":{"loc":{"start":{"line":14,"column":14},"end":{"line":14,"column":48}},"type":"binary-expr","locations":[{"start":{"line":14,"column":14},"end":{"line":14,"column":33}},{"start":{"line":14,"column":37},"end":{"line":14,"column":48}}],"line":14},"1":{"loc":{"start":{"line":15,"column":18},"end":{"line":15,"column":47}},"type":"binary-expr","locations":[{"start":{"line":15,"column":18},"end":{"line":15,"column":37}},{"start":{"line":15,"column":41},"end":{"line":15,"column":47}}],"line":15},"2":{"loc":{"start":{"line":16,"column":18},"end":{"line":16,"column":47}},"type":"binary-expr","locations":[{"start":{"line":16,"column":18},"end":{"line":16,"column":41}},{"start":{"line":16,"column":45},"end":{"line":16,"column":47}}],"line":16},"3":{"loc":{"start":{"line":17,"column":18},"end":{"line":17,"column":51}},"type":"binary-expr","locations":[{"start":{"line":17,"column":18},"end":{"line":17,"column":41}},{"start":{"line":17,"column":45},"end":{"line":17,"column":51}}],"line":17},"4":{"loc":{"start":{"line":18,"column":14},"end":{"line":18,"column":41}},"type":"binary-expr","locations":[{"start":{"line":18,"column":14},"end":{"line":18,"column":33}},{"start":{"line":18,"column":37},"end":{"line":18,"column":41}}],"line":18}},"s":{"0":15,"1":15,"2":15,"3":15,"4":15,"5":15,"6":15},"f":{},"b":{"0":[15,15],"1":[15,15],"2":[15,15],"3":[15,15],"4":[15,15]},"_coverageSchema":"1a1c01bbd47fc00a2c39e90264f33305004495a9","hash":"8cb4ebb01013819f2770c7dd9822f6aa97832ab3"}
,"/Users/malachi.richlin/Desktop/school/VolunteersRUs/server/config/database.js": {"path":"/Users/malachi.richlin/Desktop/school/VolunteersRUs/server/config/database.js","statementMap":{"0":{"start":{"line":5,"column":62},"end":{"line":5,"column":71}},"1":{"start":{"line":7,"column":18},"end":{"line":12,"column":2}},"2":{"start":{"line":15,"column":23},"end":{"line":22,"column":1}},"3":{"start":{"line":16,"column":4},"end":{"line":21,"column":5}},"4":{"start":{"line":17,"column":8},"end":{"line":17,"column":39}},"5":{"start":{"line":18,"column":8},"end":{"line":18,"column":69}},"6":{"start":{"line":20,"column":8},"end":{"line":20,"column":67}},"7":{"start":{"line":24,"column":0},"end":{"line":24,"column":17}}},"fnMap":{"0":{"name":"(anonymous_0)","decl":{"start":{"line":15,"column":23},"end":{"line":15,"column":24}},"loc":{"start":{"line":15,"column":35},"end":{"line":22,"column":1}},"line":15}},"branchMap":{},"s":{"0":14,"1":14,"2":14,"3":14,"4":14,"5":0,"6":6,"7":14},"f":{"0":14},"b":{},"_coverageSchema":"1a1c01bbd47fc00a2c39e90264f33305004495a9","hash":"73d9c327040382bab52fb8ddc205496aeb3a90a8"}
,"/Users/malachi.richlin/Desktop/school/VolunteersRUs/server/controllers/authController.js": {"path":"/Users/malachi.richlin/Desktop/school/VolunteersRUs/server/controllers/authController.js","statementMap":{"0":{"start":{"line":8,"column":25},"end":{"line":8,"column":28}},"1":{"start":{"line":11,"column":24},"end":{"line":48,"column":1}},"2":{"start":{"line":12,"column":51},"end":{"line":12,"column":59}},"3":{"start":{"line":15,"column":2},"end":{"line":17,"column":3}},"4":{"start":{"line":16,"column":4},"end":{"line":16,"column":90}},"5":{"start":{"line":19,"column":19},"end":{"line":19,"column":62}},"6":{"start":{"line":21,"column":2},"end":{"line":47,"column":3}},"7":{"start":{"line":23,"column":27},"end":{"line":23,"column":62}},"8":{"start":{"line":26,"column":17},"end":{"line":31,"column":6}},"9":{"start":{"line":35,"column":21},"end":{"line":35,"column":34}},"10":{"start":{"line":38,"column":18},"end":{"line":38,"column":90}},"11":{"start":{"line":42,"column":4},"end":{"line":42,"column":36}},"12":{"start":{"line":45,"column":4},"end":{"line":45,"column":52}},"13":{"start":{"line":46,"column":4},"end":{"line":46,"column":63}},"14":{"start":{"line":50,"column":21},"end":{"line":82,"column":1}},"15":{"start":{"line":51,"column":30},"end":{"line":51,"column":38}},"16":{"start":{"line":53,"column":2},"end":{"line":81,"column":3}},"17":{"start":{"line":55,"column":17},"end":{"line":55,"column":68}},"18":{"start":{"line":57,"column":4},"end":{"line":59,"column":5}},"19":{"start":{"line":58,"column":6},"end":{"line":58,"column":69}},"20":{"start":{"line":61,"column":28},"end":{"line":61,"column":77}},"21":{"start":{"line":64,"column":4},"end":{"line":67,"column":5}},"22":{"start":{"line":66,"column":6},"end":{"line":66,"column":69}},"23":{"start":{"line":70,"column":21},"end":{"line":70,"column":34}},"24":{"start":{"line":73,"column":18},"end":{"line":73,"column":85}},"25":{"start":{"line":76,"column":4},"end":{"line":76,"column":54}},"26":{"start":{"line":79,"column":4},"end":{"line":79,"column":46}},"27":{"start":{"line":80,"column":4},"end":{"line":80,"column":57}},"28":{"start":{"line":86,"column":22},"end":{"line":88,"column":1}},"29":{"start":{"line":87,"column":2},"end":{"line":87,"column":46}},"30":{"start":{"line":90,"column":27},"end":{"line":101,"column":1}},"31":{"start":{"line":91,"column":20},"end":{"line":91,"column":28}},"32":{"start":{"line":92,"column":2},"end":{"line":100,"column":3}},"33":{"start":{"line":93,"column":20},"end":{"line":93,"column":51}},"34":{"start":{"line":94,"column":17},"end":{"line":94,"column":63}},"35":{"start":{"line":95,"column":4},"end":{"line":95,"column":27}},"36":{"start":{"line":96,"column":4},"end":{"line":96,"column":22}},"37":{"start":{"line":97,"column":4},"end":{"line":97,"column":58}},"38":{"start":{"line":99,"column":4},"end":{"line":99,"column":65}},"39":{"start":{"line":103,"column":27},"end":{"line":117,"column":1}},"40":{"start":{"line":104,"column":21},"end":{"line":104,"column":31}},"41":{"start":{"line":106,"column":2},"end":{"line":116,"column":3}},"42":{"start":{"line":107,"column":17},"end":{"line":107,"column":55}},"43":{"start":{"line":108,"column":4},"end":{"line":110,"column":5}},"44":{"start":{"line":109,"column":6},"end":{"line":109,"column":64}},"45":{"start":{"line":111,"column":4},"end":{"line":111,"column":42}},"46":{"start":{"line":114,"column":4},"end":{"line":114,"column":49}},"47":{"start":{"line":115,"column":4},"end":{"line":115,"column":62}}},"fnMap":{"0":{"name":"(anonymous_0)","decl":{"start":{"line":11,"column":24},"end":{"line":11,"column":25}},"loc":{"start":{"line":11,"column":44},"end":{"line":48,"column":1}},"line":11},"1":{"name":"(anonymous_1)","decl":{"start":{"line":50,"column":21},"end":{"line":50,"column":22}},"loc":{"start":{"line":50,"column":41},"end":{"line":82,"column":1}},"line":50},"2":{"name":"(anonymous_2)","decl":{"start":{"line":86,"column":22},"end":{"line":86,"column":23}},"loc":{"start":{"line":86,"column":36},"end":{"line":88,"column":1}},"line":86},"3":{"name":"(anonymous_3)","decl":{"start":{"line":90,"column":27},"end":{"line":90,"column":28}},"loc":{"start":{"line":90,"column":47},"end":{"line":101,"column":1}},"line":90},"4":{"name":"(anonymous_4)","decl":{"start":{"line":103,"column":27},"end":{"line":103,"column":28}},"loc":{"start":{"line":103,"column":47},"end":{"line":117,"column":1}},"line":103}},"branchMap":{"0":{"loc":{"start":{"line":15,"column":2},"end":{"line":17,"column":3}},"type":"if","locations":[{"start":{"line":15,"column":2},"end":{"line":17,"column":3}},{"start":{},"end":{}}],"line":15},"1":{"loc":{"start":{"line":15,"column":6},"end":{"line":15,"column":42}},"type":"binary-expr","locations":[{"start":{"line":15,"column":6},"end":{"line":15,"column":12}},{"start":{"line":15,"column":16},"end":{"line":15,"column":29}},{"start":{"line":15,"column":33},"end":{"line":15,"column":42}}],"line":15},"2":{"loc":{"start":{"line":19,"column":19},"end":{"line":19,"column":62}},"type":"cond-expr","locations":[{"start":{"line":19,"column":33},"end":{"line":19,"column":48}},{"start":{"line":19,"column":51},"end":{"line":19,"column":62}}],"line":19},"3":{"loc":{"start":{"line":57,"column":4},"end":{"line":59,"column":5}},"type":"if","locations":[{"start":{"line":57,"column":4},"end":{"line":59,"column":5}},{"start":{},"end":{}}],"line":57},"4":{"loc":{"start":{"line":64,"column":4},"end":{"line":67,"column":5}},"type":"if","locations":[{"start":{"line":64,"column":4},"end":{"line":67,"column":5}},{"start":{},"end":{}}],"line":64},"5":{"loc":{"start":{"line":108,"column":4},"end":{"line":110,"column":5}},"type":"if","locations":[{"start":{"line":108,"column":4},"end":{"line":110,"column":5}},{"start":{},"end":{}}],"line":108}},"s":{"0":1,"1":1,"2":0,"3":0,"4":0,"5":0,"6":0,"7":0,"8":0,"9":0,"10":0,"11":0,"12":0,"13":0,"14":1,"15":0,"16":0,"17":0,"18":0,"19":0,"20":0,"21":0,"22":0,"23":0,"24":0,"25":0,"26":0,"27":0,"28":1,"29":0,"30":1,"31":0,"32":0,"33":0,"34":0,"35":0,"36":0,"37":0,"38":0,"39":1,"40":0,"41":0,"42":0,"43":0,"44":0,"45":0,"46":0,"47":0},"f":{"0":0,"1":0,"2":0,"3":0,"4":0},"b":{"0":[0,0],"1":[0,0,0],"2":[0,0],"3":[0,0],"4":[0,0],"5":[0,0]},"_coverageSchema":"1a1c01bbd47fc00a2c39e90264f33305004495a9","hash":"ab5c6281a64411d93d54ad082c47e1202eb60978"}
,"/Users/malachi.richlin/Desktop/school/VolunteersRUs/server/controllers/eventController.js": {"path":"/Users/malachi.richlin/Desktop/school/VolunteersRUs/server/controllers/eventController.js","statementMap":{"0":{"start":{"line":6,"column":27},"end":{"line":15,"column":1}},"1":{"start":{"line":7,"column":20},"end":{"line":7,"column":28}},"2":{"start":{"line":8,"column":2},"end":{"line":14,"column":3}},"3":{"start":{"line":9,"column":18},"end":{"line":9,"column":45}},"4":{"start":{"line":10,"column":4},"end":{"line":10,"column":23}},"5":{"start":{"line":11,"column":4},"end":{"line":11,"column":32}},"6":{"start":{"line":13,"column":4},"end":{"line":13,"column":61}},"7":{"start":{"line":17,"column":28},"end":{"line":32,"column":1}},"8":{"start":{"line":18,"column":22},"end":{"line":18,"column":32}},"9":{"start":{"line":20,"column":2},"end":{"line":31,"column":3}},"10":{"start":{"line":21,"column":18},"end":{"line":21,"column":77}},"11":{"start":{"line":23,"column":4},"end":{"line":25,"column":5}},"12":{"start":{"line":24,"column":6},"end":{"line":24,"column":66}},"13":{"start":{"line":27,"column":4},"end":{"line":27,"column":39}},"14":{"start":{"line":29,"column":4},"end":{"line":29,"column":50}},"15":{"start":{"line":30,"column":4},"end":{"line":30,"column":70}},"16":{"start":{"line":34,"column":28},"end":{"line":42,"column":1}},"17":{"start":{"line":35,"column":2},"end":{"line":41,"column":3}},"18":{"start":{"line":36,"column":19},"end":{"line":36,"column":47}},"19":{"start":{"line":37,"column":4},"end":{"line":37,"column":40}},"20":{"start":{"line":39,"column":4},"end":{"line":39,"column":51}},"21":{"start":{"line":40,"column":4},"end":{"line":40,"column":71}},"22":{"start":{"line":44,"column":27},"end":{"line":64,"column":1}},"23":{"start":{"line":45,"column":22},"end":{"line":45,"column":32}},"24":{"start":{"line":46,"column":83},"end":{"line":46,"column":91}},"25":{"start":{"line":48,"column":2},"end":{"line":63,"column":3}},"26":{"start":{"line":49,"column":22},"end":{"line":52,"column":5}},"27":{"start":{"line":54,"column":4},"end":{"line":56,"column":5}},"28":{"start":{"line":55,"column":6},"end":{"line":55,"column":66}},"29":{"start":{"line":58,"column":25},"end":{"line":58,"column":84}},"30":{"start":{"line":59,"column":4},"end":{"line":59,"column":46}},"31":{"start":{"line":61,"column":4},"end":{"line":61,"column":50}},"32":{"start":{"line":62,"column":4},"end":{"line":62,"column":71}},"33":{"start":{"line":67,"column":27},"end":{"line":86,"column":1}},"34":{"start":{"line":68,"column":22},"end":{"line":68,"column":32}},"35":{"start":{"line":70,"column":2},"end":{"line":85,"column":3}},"36":{"start":{"line":72,"column":4},"end":{"line":74,"column":7}},"37":{"start":{"line":77,"column":4},"end":{"line":79,"column":7}},"38":{"start":{"line":81,"column":4},"end":{"line":81,"column":75}},"39":{"start":{"line":83,"column":4},"end":{"line":83,"column":50}},"40":{"start":{"line":84,"column":4},"end":{"line":84,"column":76}}},"fnMap":{"0":{"name":"(anonymous_0)","decl":{"start":{"line":6,"column":27},"end":{"line":6,"column":28}},"loc":{"start":{"line":6,"column":47},"end":{"line":15,"column":1}},"line":6},"1":{"name":"(anonymous_1)","decl":{"start":{"line":17,"column":28},"end":{"line":17,"column":29}},"loc":{"start":{"line":17,"column":48},"end":{"line":32,"column":1}},"line":17},"2":{"name":"(anonymous_2)","decl":{"start":{"line":34,"column":28},"end":{"line":34,"column":29}},"loc":{"start":{"line":34,"column":48},"end":{"line":42,"column":1}},"line":34},"3":{"name":"(anonymous_3)","decl":{"start":{"line":44,"column":27},"end":{"line":44,"column":28}},"loc":{"start":{"line":44,"column":47},"end":{"line":64,"column":1}},"line":44},"4":{"name":"(anonymous_4)","decl":{"start":{"line":67,"column":27},"end":{"line":67,"column":28}},"loc":{"start":{"line":67,"column":47},"end":{"line":86,"column":1}},"line":67}},"branchMap":{"0":{"loc":{"start":{"line":23,"column":4},"end":{"line":25,"column":5}},"type":"if","locations":[{"start":{"line":23,"column":4},"end":{"line":25,"column":5}},{"start":{},"end":{}}],"line":23},"1":{"loc":{"start":{"line":54,"column":4},"end":{"line":56,"column":5}},"type":"if","locations":[{"start":{"line":54,"column":4},"end":{"line":56,"column":5}},{"start":{},"end":{}}],"line":54}},"s":{"0":2,"1":2,"2":2,"3":2,"4":2,"5":1,"6":1,"7":2,"8":0,"9":0,"10":0,"11":0,"12":0,"13":0,"14":0,"15":0,"16":2,"17":0,"18":0,"19":0,"20":0,"21":0,"22":2,"23":3,"24":3,"25":3,"26":3,"27":0,"28":0,"29":0,"30":0,"31":3,"32":3,"33":2,"34":3,"35":3,"36":3,"37":3,"38":3,"39":0,"40":0},"f":{"0":2,"1":0,"2":0,"3":3,"4":3},"b":{"0":[0,0],"1":[0,0]},"_coverageSchema":"1a1c01bbd47fc00a2c39e90264f33305004495a9","hash":"f448e9c4513eca1a63b4b233e3ffc515c7569431"}
,"/Users/malachi.richlin/Desktop/school/VolunteersRUs/server/controllers/historyController.js": {"path":"/Users/malachi.richlin/Desktop/school/VolunteersRUs/server/controllers/historyController.js","statementMap":{"0":{"start":{"line":7,"column":35},"end":{"line":70,"column":1}},"1":{"start":{"line":8,"column":21},"end":{"line":8,"column":29}},"2":{"start":{"line":10,"column":2},"end":{"line":10,"column":42}},"3":{"start":{"line":13,"column":2},"end":{"line":15,"column":3}},"4":{"start":{"line":14,"column":4},"end":{"line":14,"column":66}},"5":{"start":{"line":17,"column":2},"end":{"line":69,"column":3}},"6":{"start":{"line":19,"column":20},"end":{"line":30,"column":6}},"7":{"start":{"line":32,"column":4},"end":{"line":32,"column":55}},"8":{"start":{"line":34,"column":4},"end":{"line":36,"column":5}},"9":{"start":{"line":35,"column":6},"end":{"line":35,"column":76}},"10":{"start":{"line":39,"column":20},"end":{"line":39,"column":66}},"11":{"start":{"line":39,"column":52},"end":{"line":39,"column":63}},"12":{"start":{"line":42,"column":25},"end":{"line":45,"column":6}},"13":{"start":{"line":47,"column":4},"end":{"line":47,"column":56}},"14":{"start":{"line":50,"column":29},"end":{"line":62,"column":6}},"15":{"start":{"line":51,"column":26},"end":{"line":51,"column":86}},"16":{"start":{"line":51,"column":55},"end":{"line":51,"column":85}},"17":{"start":{"line":52,"column":6},"end":{"line":61,"column":8}},"18":{"start":{"line":65,"column":4},"end":{"line":65,"column":56}},"19":{"start":{"line":67,"column":4},"end":{"line":67,"column":62}},"20":{"start":{"line":68,"column":4},"end":{"line":68,"column":73}}},"fnMap":{"0":{"name":"(anonymous_0)","decl":{"start":{"line":7,"column":35},"end":{"line":7,"column":36}},"loc":{"start":{"line":7,"column":55},"end":{"line":70,"column":1}},"line":7},"1":{"name":"(anonymous_1)","decl":{"start":{"line":39,"column":44},"end":{"line":39,"column":45}},"loc":{"start":{"line":39,"column":52},"end":{"line":39,"column":63}},"line":39},"2":{"name":"(anonymous_2)","decl":{"start":{"line":50,"column":41},"end":{"line":50,"column":42}},"loc":{"start":{"line":50,"column":49},"end":{"line":62,"column":5}},"line":50},"3":{"name":"(anonymous_3)","decl":{"start":{"line":51,"column":44},"end":{"line":51,"column":45}},"loc":{"start":{"line":51,"column":55},"end":{"line":51,"column":85}},"line":51}},"branchMap":{"0":{"loc":{"start":{"line":13,"column":2},"end":{"line":15,"column":3}},"type":"if","locations":[{"start":{"line":13,"column":2},"end":{"line":15,"column":3}},{"start":{},"end":{}}],"line":13},"1":{"loc":{"start":{"line":34,"column":4},"end":{"line":36,"column":5}},"type":"if","locations":[{"start":{"line":34,"column":4},"end":{"line":36,"column":5}},{"start":{},"end":{}}],"line":34},"2":{"loc":{"start":{"line":53,"column":18},"end":{"line":53,"column":59}},"type":"cond-expr","locations":[{"start":{"line":53,"column":32},"end":{"line":53,"column":52}},{"start":{"line":53,"column":55},"end":{"line":53,"column":59}}],"line":53}},"s":{"0":2,"1":4,"2":4,"3":4,"4":1,"5":3,"6":3,"7":2,"8":2,"9":1,"10":1,"11":1,"12":1,"13":1,"14":1,"15":1,"16":1,"17":1,"18":1,"19":1,"20":1},"f":{"0":4,"1":1,"2":1,"3":1},"b":{"0":[1,3],"1":[1,1],"2":[1,0]},"_coverageSchema":"1a1c01bbd47fc00a2c39e90264f33305004495a9","hash":"f3f23a18fab39879178b5956fa0eabadd81e17be"}
,"/Users/malachi.richlin/Desktop/school/VolunteersRUs/server/controllers/matchingController.js": {"path":"/Users/malachi.richlin/Desktop/school/VolunteersRUs/server/controllers/matchingController.js","statementMap":{"0":{"start":{"line":9,"column":39},"end":{"line":64,"column":1}},"1":{"start":{"line":10,"column":2},"end":{"line":63,"column":3}},"2":{"start":{"line":11,"column":19},"end":{"line":11,"column":34}},"3":{"start":{"line":14,"column":29},"end":{"line":17,"column":6}},"4":{"start":{"line":19,"column":4},"end":{"line":21,"column":5}},"5":{"start":{"line":20,"column":6},"end":{"line":20,"column":76}},"6":{"start":{"line":24,"column":21},"end":{"line":24,"column":23}},"7":{"start":{"line":25,"column":4},"end":{"line":30,"column":5}},"8":{"start":{"line":26,"column":6},"end":{"line":26,"column":55}},"9":{"start":{"line":28,"column":6},"end":{"line":28,"column":57}},"10":{"start":{"line":29,"column":6},"end":{"line":29,"column":74}},"11":{"start":{"line":33,"column":4},"end":{"line":35,"column":5}},"12":{"start":{"line":34,"column":6},"end":{"line":34,"column":32}},"13":{"start":{"line":36,"column":4},"end":{"line":36,"column":55}},"14":{"start":{"line":36,"column":41},"end":{"line":36,"column":53}},"15":{"start":{"line":39,"column":22},"end":{"line":39,"column":50}},"16":{"start":{"line":42,"column":27},"end":{"line":55,"column":6}},"17":{"start":{"line":44,"column":29},"end":{"line":44,"column":87}},"18":{"start":{"line":44,"column":74},"end":{"line":44,"column":86}},"19":{"start":{"line":47,"column":32},"end":{"line":47,"column":89}},"20":{"start":{"line":47,"column":62},"end":{"line":47,"column":88}},"21":{"start":{"line":50,"column":24},"end":{"line":50,"column":49}},"22":{"start":{"line":51,"column":26},"end":{"line":51,"column":103}},"23":{"start":{"line":54,"column":6},"end":{"line":54,"column":46}},"24":{"start":{"line":59,"column":4},"end":{"line":59,"column":45}},"25":{"start":{"line":61,"column":4},"end":{"line":61,"column":65}},"26":{"start":{"line":62,"column":4},"end":{"line":62,"column":93}},"27":{"start":{"line":66,"column":32},"end":{"line":88,"column":1}},"28":{"start":{"line":67,"column":2},"end":{"line":87,"column":3}},"29":{"start":{"line":68,"column":23},"end":{"line":77,"column":6}},"30":{"start":{"line":79,"column":4},"end":{"line":81,"column":5}},"31":{"start":{"line":80,"column":6},"end":{"line":80,"column":70}},"32":{"start":{"line":83,"column":4},"end":{"line":83,"column":25}},"33":{"start":{"line":85,"column":4},"end":{"line":85,"column":55}},"34":{"start":{"line":86,"column":4},"end":{"line":86,"column":65}},"35":{"start":{"line":90,"column":36},"end":{"line":120,"column":1}},"36":{"start":{"line":91,"column":2},"end":{"line":119,"column":3}},"37":{"start":{"line":92,"column":32},"end":{"line":92,"column":40}},"38":{"start":{"line":93,"column":4},"end":{"line":93,"column":24}},"39":{"start":{"line":94,"column":4},"end":{"line":94,"column":25}},"40":{"start":{"line":96,"column":25},"end":{"line":99,"column":6}},"41":{"start":{"line":101,"column":4},"end":{"line":103,"column":5}},"42":{"start":{"line":102,"column":6},"end":{"line":102,"column":64}},"43":{"start":{"line":106,"column":21},"end":{"line":111,"column":6}},"44":{"start":{"line":112,"column":4},"end":{"line":112,"column":26}},"45":{"start":{"line":115,"column":4},"end":{"line":115,"column":82}},"46":{"start":{"line":117,"column":4},"end":{"line":117,"column":74}},"47":{"start":{"line":118,"column":4},"end":{"line":118,"column":99}}},"fnMap":{"0":{"name":"(anonymous_0)","decl":{"start":{"line":9,"column":39},"end":{"line":9,"column":40}},"loc":{"start":{"line":9,"column":59},"end":{"line":64,"column":1}},"line":9},"1":{"name":"(anonymous_1)","decl":{"start":{"line":36,"column":32},"end":{"line":36,"column":33}},"loc":{"start":{"line":36,"column":41},"end":{"line":36,"column":53}},"line":36},"2":{"name":"(anonymous_2)","decl":{"start":{"line":42,"column":44},"end":{"line":42,"column":45}},"loc":{"start":{"line":42,"column":53},"end":{"line":55,"column":5}},"line":42},"3":{"name":"(anonymous_3)","decl":{"start":{"line":44,"column":65},"end":{"line":44,"column":66}},"loc":{"start":{"line":44,"column":74},"end":{"line":44,"column":86}},"line":44},"4":{"name":"(anonymous_4)","decl":{"start":{"line":47,"column":53},"end":{"line":47,"column":54}},"loc":{"start":{"line":47,"column":62},"end":{"line":47,"column":88}},"line":47},"5":{"name":"(anonymous_5)","decl":{"start":{"line":66,"column":32},"end":{"line":66,"column":33}},"loc":{"start":{"line":66,"column":52},"end":{"line":88,"column":1}},"line":66},"6":{"name":"(anonymous_6)","decl":{"start":{"line":90,"column":36},"end":{"line":90,"column":37}},"loc":{"start":{"line":90,"column":56},"end":{"line":120,"column":1}},"line":90}},"branchMap":{"0":{"loc":{"start":{"line":19,"column":4},"end":{"line":21,"column":5}},"type":"if","locations":[{"start":{"line":19,"column":4},"end":{"line":21,"column":5}},{"start":{},"end":{}}],"line":19},"1":{"loc":{"start":{"line":33,"column":4},"end":{"line":35,"column":5}},"type":"if","locations":[{"start":{"line":33,"column":4},"end":{"line":35,"column":5}},{"start":{},"end":{}}],"line":33},"2":{"loc":{"start":{"line":54,"column":13},"end":{"line":54,"column":45}},"type":"binary-expr","locations":[{"start":{"line":54,"column":13},"end":{"line":54,"column":30}},{"start":{"line":54,"column":34},"end":{"line":54,"column":45}}],"line":54},"3":{"loc":{"start":{"line":79,"column":4},"end":{"line":81,"column":5}},"type":"if","locations":[{"start":{"line":79,"column":4},"end":{"line":81,"column":5}},{"start":{},"end":{}}],"line":79},"4":{"loc":{"start":{"line":101,"column":4},"end":{"line":103,"column":5}},"type":"if","locations":[{"start":{"line":101,"column":4},"end":{"line":103,"column":5}},{"start":{},"end":{}}],"line":101}},"s":{"0":1,"1":0,"2":0,"3":0,"4":0,"5":0,"6":0,"7":0,"8":0,"9":0,"10":0,"11":0,"12":0,"13":0,"14":0,"15":0,"16":0,"17":0,"18":0,"19":0,"20":0,"21":0,"22":0,"23":0,"24":0,"25":0,"26":0,"27":1,"28":0,"29":0,"30":0,"31":0,"32":0,"33":0,"34":0,"35":1,"36":0,"37":0,"38":0,"39":0,"40":0,"41":0,"42":0,"43":0,"44":0,"45":0,"46":0,"47":0},"f":{"0":0,"1":0,"2":0,"3":0,"4":0,"5":0,"6":0},"b":{"0":[0,0],"1":[0,0],"2":[0,0],"3":[0,0],"4":[0,0]},"_coverageSchema":"1a1c01bbd47fc00a2c39e90264f33305004495a9","hash":"d1d5cc204a363bd64f1807abb6b6ee171b583a20"}
,"/Users/malachi.richlin/Desktop/school/VolunteersRUs/server/controllers/notificationController.js": {"path":"/Users/malachi.richlin/Desktop/school/VolunteersRUs/server/controllers/notificationController.js","statementMap":{"0":{"start":{"line":4,"column":32},"end":{"line":14,"column":1}},"1":{"start":{"line":5,"column":30},"end":{"line":5,"column":38}},"2":{"start":{"line":6,"column":2},"end":{"line":13,"column":3}},"3":{"start":{"line":7,"column":25},"end":{"line":7,"column":71}},"4":{"start":{"line":8,"column":4},"end":{"line":8,"column":51}},"5":{"start":{"line":9,"column":4},"end":{"line":9,"column":39}},"6":{"start":{"line":11,"column":4},"end":{"line":11,"column":56}},"7":{"start":{"line":12,"column":4},"end":{"line":12,"column":67}}},"fnMap":{"0":{"name":"(anonymous_0)","decl":{"start":{"line":4,"column":32},"end":{"line":4,"column":33}},"loc":{"start":{"line":4,"column":52},"end":{"line":14,"column":1}},"line":4}},"branchMap":{},"s":{"0":1,"1":0,"2":0,"3":0,"4":0,"5":0,"6":0,"7":0},"f":{"0":0},"b":{},"_coverageSchema":"1a1c01bbd47fc00a2c39e90264f33305004495a9","hash":"f1419fcc6b8a21ea83fb213ac707078f9b6f8f0c"}
,"/Users/malachi.richlin/Desktop/school/VolunteersRUs/server/controllers/profileController.js": {"path":"/Users/malachi.richlin/Desktop/school/VolunteersRUs/server/controllers/profileController.js","statementMap":{"0":{"start":{"line":5,"column":26},"end":{"line":26,"column":1}},"1":{"start":{"line":6,"column":17},"end":{"line":6,"column":28}},"2":{"start":{"line":8,"column":2},"end":{"line":25,"column":3}},"3":{"start":{"line":9,"column":20},"end":{"line":9,"column":76}},"4":{"start":{"line":11,"column":4},"end":{"line":14,"column":5}},"5":{"start":{"line":12,"column":6},"end":{"line":12,"column":59}},"6":{"start":{"line":13,"column":6},"end":{"line":13,"column":67}},"7":{"start":{"line":15,"column":4},"end":{"line":15,"column":59}},"8":{"start":{"line":17,"column":19},"end":{"line":17,"column":67}},"9":{"start":{"line":18,"column":25},"end":{"line":18,"column":85}},"10":{"start":{"line":19,"column":4},"end":{"line":19,"column":50}},"11":{"start":{"line":21,"column":4},"end":{"line":21,"column":94}},"12":{"start":{"line":23,"column":4},"end":{"line":23,"column":52}},"13":{"start":{"line":24,"column":4},"end":{"line":24,"column":71}},"14":{"start":{"line":29,"column":29},"end":{"line":63,"column":1}},"15":{"start":{"line":30,"column":17},"end":{"line":30,"column":28}},"16":{"start":{"line":42,"column":6},"end":{"line":42,"column":14}},"17":{"start":{"line":44,"column":2},"end":{"line":62,"column":3}},"18":{"start":{"line":45,"column":20},"end":{"line":56,"column":6}},"19":{"start":{"line":58,"column":4},"end":{"line":58,"column":34}},"20":{"start":{"line":60,"column":4},"end":{"line":60,"column":52}},"21":{"start":{"line":61,"column":4},"end":{"line":61,"column":63}},"22":{"start":{"line":66,"column":29},"end":{"line":103,"column":1}},"23":{"start":{"line":67,"column":17},"end":{"line":67,"column":28}},"24":{"start":{"line":68,"column":22},"end":{"line":68,"column":30}},"25":{"start":{"line":70,"column":2},"end":{"line":102,"column":3}},"26":{"start":{"line":71,"column":20},"end":{"line":71,"column":76}},"27":{"start":{"line":73,"column":4},"end":{"line":75,"column":5}},"28":{"start":{"line":74,"column":6},"end":{"line":74,"column":66}},"29":{"start":{"line":76,"column":4},"end":{"line":76,"column":71}},"30":{"start":{"line":77,"column":4},"end":{"line":79,"column":5}},"31":{"start":{"line":78,"column":6},"end":{"line":78,"column":62}},"32":{"start":{"line":81,"column":4},"end":{"line":81,"column":73}},"33":{"start":{"line":83,"column":4},"end":{"line":86,"column":5}},"34":{"start":{"line":84,"column":6},"end":{"line":84,"column":74}},"35":{"start":{"line":85,"column":6},"end":{"line":85,"column":83}},"36":{"start":{"line":89,"column":4},"end":{"line":89,"column":38}},"37":{"start":{"line":92,"column":27},"end":{"line":92,"column":83}},"38":{"start":{"line":95,"column":19},"end":{"line":95,"column":81}},"39":{"start":{"line":96,"column":25},"end":{"line":96,"column":99}},"40":{"start":{"line":98,"column":4},"end":{"line":98,"column":101}},"41":{"start":{"line":100,"column":4},"end":{"line":100,"column":52}},"42":{"start":{"line":101,"column":4},"end":{"line":101,"column":63}}},"fnMap":{"0":{"name":"(anonymous_0)","decl":{"start":{"line":5,"column":26},"end":{"line":5,"column":27}},"loc":{"start":{"line":5,"column":46},"end":{"line":26,"column":1}},"line":5},"1":{"name":"(anonymous_1)","decl":{"start":{"line":29,"column":29},"end":{"line":29,"column":30}},"loc":{"start":{"line":29,"column":49},"end":{"line":63,"column":1}},"line":29},"2":{"name":"(anonymous_2)","decl":{"start":{"line":66,"column":29},"end":{"line":66,"column":30}},"loc":{"start":{"line":66,"column":49},"end":{"line":103,"column":1}},"line":66}},"branchMap":{"0":{"loc":{"start":{"line":11,"column":4},"end":{"line":14,"column":5}},"type":"if","locations":[{"start":{"line":11,"column":4},"end":{"line":14,"column":5}},{"start":{},"end":{}}],"line":11},"1":{"loc":{"start":{"line":17,"column":19},"end":{"line":17,"column":67}},"type":"cond-expr","locations":[{"start":{"line":17,"column":36},"end":{"line":17,"column":62}},{"start":{"line":17,"column":65},"end":{"line":17,"column":67}}],"line":17},"2":{"loc":{"start":{"line":18,"column":25},"end":{"line":18,"column":85}},"type":"cond-expr","locations":[{"start":{"line":18,"column":48},"end":{"line":18,"column":80}},{"start":{"line":18,"column":83},"end":{"line":18,"column":85}}],"line":18},"3":{"loc":{"start":{"line":73,"column":4},"end":{"line":75,"column":5}},"type":"if","locations":[{"start":{"line":73,"column":4},"end":{"line":75,"column":5}},{"start":{},"end":{}}],"line":73},"4":{"loc":{"start":{"line":77,"column":4},"end":{"line":79,"column":5}},"type":"if","locations":[{"start":{"line":77,"column":4},"end":{"line":79,"column":5}},{"start":{},"end":{}}],"line":77},"5":{"loc":{"start":{"line":83,"column":4},"end":{"line":86,"column":5}},"type":"if","locations":[{"start":{"line":83,"column":4},"end":{"line":86,"column":5}},{"start":{},"end":{}}],"line":83},"6":{"loc":{"start":{"line":95,"column":19},"end":{"line":95,"column":81}},"type":"cond-expr","locations":[{"start":{"line":95,"column":43},"end":{"line":95,"column":76}},{"start":{"line":95,"column":79},"end":{"line":95,"column":81}}],"line":95},"7":{"loc":{"start":{"line":96,"column":25},"end":{"line":96,"column":99}},"type":"cond-expr","locations":[{"start":{"line":96,"column":55},"end":{"line":96,"column":94}},{"start":{"line":96,"column":97},"end":{"line":96,"column":99}}],"line":96}},"s":{"0":2,"1":3,"2":3,"3":3,"4":2,"5":1,"6":1,"7":1,"8":1,"9":1,"10":1,"11":1,"12":2,"13":2,"14":2,"15":2,"16":2,"17":2,"18":2,"19":1,"20":1,"21":1,"22":2,"23":3,"24":3,"25":3,"26":3,"27":3,"28":1,"29":2,"30":2,"31":2,"32":2,"33":2,"34":0,"35":0,"36":2,"37":1,"38":1,"39":1,"40":1,"41":2,"42":2},"f":{"0":3,"1":2,"2":3},"b":{"0":[1,1],"1":[1,0],"2":[1,0],"3":[1,2],"4":[2,0],"5":[0,2],"6":[1,0],"7":[1,0]},"_coverageSchema":"1a1c01bbd47fc00a2c39e90264f33305004495a9","hash":"f9358c5ed653960277f7100b7fce9e5ac92f1707"}
,"/Users/malachi.richlin/Desktop/school/VolunteersRUs/server/middlewares/authMiddleware.js": {"path":"/Users/malachi.richlin/Desktop/school/VolunteersRUs/server/middlewares/authMiddleware.js","statementMap":{"0":{"start":{"line":5,"column":19},"end":{"line":5,"column":22}},"1":{"start":{"line":8,"column":16},"end":{"line":8,"column":67}},"2":{"start":{"line":9,"column":2},"end":{"line":11,"column":3}},"3":{"start":{"line":10,"column":4},"end":{"line":10,"column":67}},"4":{"start":{"line":12,"column":2},"end":{"line":22,"column":3}},"5":{"start":{"line":13,"column":20},"end":{"line":13,"column":52}},"6":{"start":{"line":14,"column":4},"end":{"line":17,"column":6}},"7":{"start":{"line":19,"column":4},"end":{"line":19,"column":11}},"8":{"start":{"line":21,"column":4},"end":{"line":21,"column":54}}},"fnMap":{"0":{"name":"authMiddleware","decl":{"start":{"line":7,"column":24},"end":{"line":7,"column":38}},"loc":{"start":{"line":7,"column":55},"end":{"line":23,"column":1}},"line":7}},"branchMap":{"0":{"loc":{"start":{"line":9,"column":2},"end":{"line":11,"column":3}},"type":"if","locations":[{"start":{"line":9,"column":2},"end":{"line":11,"column":3}},{"start":{},"end":{}}],"line":9}},"s":{"0":6,"1":3,"2":3,"3":1,"4":2,"5":2,"6":1,"7":1,"8":1},"f":{"0":3},"b":{"0":[1,2]},"_coverageSchema":"1a1c01bbd47fc00a2c39e90264f33305004495a9","hash":"d89b683a3936274b7654f6ae58e86a404c1abf05"}
,"/Users/malachi.richlin/Desktop/school/VolunteersRUs/server/models/EventDetails.js": {"path":"/Users/malachi.richlin/Desktop/school/VolunteersRUs/server/models/EventDetails.js","statementMap":{"0":{"start":{"line":6,"column":21},"end":{"line":48,"column":2}}},"fnMap":{},"branchMap":{},"s":{"0":6},"f":{},"b":{},"_coverageSchema":"1a1c01bbd47fc00a2c39e90264f33305004495a9","hash":"e97e765b2fbb4cbcbb74df319335c1e3ec030a48"}
,"/Users/malachi.richlin/Desktop/school/VolunteersRUs/server/models/UserCredentials.js": {"path":"/Users/malachi.richlin/Desktop/school/VolunteersRUs/server/models/UserCredentials.js","statementMap":{"0":{"start":{"line":6,"column":24},"end":{"line":46,"column":2}}},"fnMap":{},"branchMap":{},"s":{"0":8},"f":{},"b":{},"_coverageSchema":"1a1c01bbd47fc00a2c39e90264f33305004495a9","hash":"5953da62ab7e48f79e150fd70a64c7845b97dafb"}
,"/Users/malachi.richlin/Desktop/school/VolunteersRUs/server/models/UserProfile.js": {"path":"/Users/malachi.richlin/Desktop/school/VolunteersRUs/server/models/UserProfile.js","statementMap":{"0":{"start":{"line":6,"column":20},"end":{"line":61,"column":2}},"1":{"start":{"line":63,"column":0},"end":{"line":63,"column":65}}},"fnMap":{},"branchMap":{},"s":{"0":5,"1":5},"f":{},"b":{},"_coverageSchema":"1a1c01bbd47fc00a2c39e90264f33305004495a9","hash":"39431ad9ba1b0f286ed55d215d6d5714b9842ba7"}
,"/Users/malachi.richlin/Desktop/school/VolunteersRUs/server/models/VolunteerHistory.js": {"path":"/Users/malachi.richlin/Desktop/school/VolunteersRUs/server/models/VolunteerHistory.js","statementMap":{"0":{"start":{"line":5,"column":25},"end":{"line":43,"column":2}}},"fnMap":{},"branchMap":{},"s":{"0":5},"f":{},"b":{},"_coverageSchema":"1a1c01bbd47fc00a2c39e90264f33305004495a9","hash":"1810a02e252ef5de8ecb73e4f34b724a416dd543"}
,"/Users/malachi.richlin/Desktop/school/VolunteersRUs/server/routes/authRoutes.js": {"path":"/Users/malachi.richlin/Desktop/school/VolunteersRUs/server/routes/authRoutes.js","statementMap":{"0":{"start":{"line":6,"column":15},"end":{"line":6,"column":31}},"1":{"start":{"line":8,"column":0},"end":{"line":8,"column":35}},"2":{"start":{"line":9,"column":0},"end":{"line":9,"column":29}},"3":{"start":{"line":10,"column":0},"end":{"line":10,"column":31}},"4":{"start":{"line":11,"column":0},"end":{"line":11,"column":42}},"5":{"start":{"line":12,"column":0},"end":{"line":12,"column":41}}},"fnMap":{},"branchMap":{},"s":{"0":1,"1":1,"2":1,"3":1,"4":1,"5":1},"f":{},"b":{},"_coverageSchema":"1a1c01bbd47fc00a2c39e90264f33305004495a9","hash":"4f96dee568d3cd82a643ae4e3578eacbef7ad7d8"}
,"/Users/malachi.richlin/Desktop/school/VolunteersRUs/server/routes/eventRoutes.js": {"path":"/Users/malachi.richlin/Desktop/school/VolunteersRUs/server/routes/eventRoutes.js","statementMap":{"0":{"start":{"line":6,"column":15},"end":{"line":6,"column":23}},"1":{"start":{"line":8,"column":0},"end":{"line":8,"column":52}},"2":{"start":{"line":9,"column":0},"end":{"line":9,"column":63}},"3":{"start":{"line":10,"column":0},"end":{"line":10,"column":60}},"4":{"start":{"line":11,"column":0},"end":{"line":11,"column":61}},"5":{"start":{"line":12,"column":0},"end":{"line":12,"column":52}}},"fnMap":{},"branchMap":{},"s":{"0":1,"1":1,"2":1,"3":1,"4":1,"5":1},"f":{},"b":{},"_coverageSchema":"1a1c01bbd47fc00a2c39e90264f33305004495a9","hash":"bf800e03c9b9bc0bcb3d9b5cfd75fbe013d5fe4a"}
,"/Users/malachi.richlin/Desktop/school/VolunteersRUs/server/routes/historyRoutes.js": {"path":"/Users/malachi.richlin/Desktop/school/VolunteersRUs/server/routes/historyRoutes.js","statementMap":{"0":{"start":{"line":6,"column":15},"end":{"line":6,"column":23}},"1":{"start":{"line":8,"column":0},"end":{"line":8,"column":61}}},"fnMap":{},"branchMap":{},"s":{"0":1,"1":1},"f":{},"b":{},"_coverageSchema":"1a1c01bbd47fc00a2c39e90264f33305004495a9","hash":"6dd3ba2886d27c0381939fc612c2b88999cb38f0"}
,"/Users/malachi.richlin/Desktop/school/VolunteersRUs/server/routes/matchingRoutes.js": {"path":"/Users/malachi.richlin/Desktop/school/VolunteersRUs/server/routes/matchingRoutes.js","statementMap":{"0":{"start":{"line":7,"column":15},"end":{"line":7,"column":23}},"1":{"start":{"line":10,"column":0},"end":{"line":10,"column":66}},"2":{"start":{"line":13,"column":0},"end":{"line":13,"column":60}},"3":{"start":{"line":16,"column":0},"end":{"line":16,"column":66}}},"fnMap":{},"branchMap":{},"s":{"0":1,"1":1,"2":1,"3":1},"f":{},"b":{},"_coverageSchema":"1a1c01bbd47fc00a2c39e90264f33305004495a9","hash":"9d05f5dffb1783518fe29c5d195a55af9439693c"}
,"/Users/malachi.richlin/Desktop/school/VolunteersRUs/server/routes/notificationRoutes.js": {"path":"/Users/malachi.richlin/Desktop/school/VolunteersRUs/server/routes/notificationRoutes.js","statementMap":{"0":{"start":{"line":6,"column":15},"end":{"line":6,"column":23}},"1":{"start":{"line":8,"column":0},"end":{"line":8,"column":64}}},"fnMap":{},"branchMap":{},"s":{"0":1,"1":1},"f":{},"b":{},"_coverageSchema":"1a1c01bbd47fc00a2c39e90264f33305004495a9","hash":"180f2ef2b0eec4ba5a521344f34a0f15df1770a2"}
,"/Users/malachi.richlin/Desktop/school/VolunteersRUs/server/routes/profileRoutes.js": {"path":"/Users/malachi.richlin/Desktop/school/VolunteersRUs/server/routes/profileRoutes.js","statementMap":{"0":{"start":{"line":7,"column":15},"end":{"line":7,"column":23}},"1":{"start":{"line":9,"column":0},"end":{"line":9,"column":51}},"2":{"start":{"line":10,"column":0},"end":{"line":10,"column":55}},"3":{"start":{"line":11,"column":0},"end":{"line":11,"column":54}}},"fnMap":{},"branchMap":{},"s":{"0":1,"1":1,"2":1,"3":1},"f":{},"b":{},"_coverageSchema":"1a1c01bbd47fc00a2c39e90264f33305004495a9","hash":"cd35279dcc490fb99614e5a596f38c66c29badbb"}
,"/Users/malachi.richlin/Desktop/school/VolunteersRUs/server/services/sendNotification.js": {"path":"/Users/malachi.richlin/Desktop/school/VolunteersRUs/server/services/sendNotification.js","statementMap":{"0":{"start":{"line":5,"column":0},"end":{"line":5,"column":40}},"1":{"start":{"line":7,"column":32},"end":{"line":29,"column":1}},"2":{"start":{"line":8,"column":2},"end":{"line":28,"column":3}},"3":{"start":{"line":9,"column":17},"end":{"line":9,"column":73}},"4":{"start":{"line":11,"column":4},"end":{"line":13,"column":5}},"5":{"start":{"line":12,"column":6},"end":{"line":12,"column":41}},"6":{"start":{"line":15,"column":16},"end":{"line":21,"column":5}},"7":{"start":{"line":23,"column":4},"end":{"line":23,"column":27}},"8":{"start":{"line":24,"column":4},"end":{"line":24,"column":51}},"9":{"start":{"line":26,"column":4},"end":{"line":26,"column":56}},"10":{"start":{"line":27,"column":4},"end":{"line":27,"column":52}}},"fnMap":{"0":{"name":"(anonymous_0)","decl":{"start":{"line":7,"column":32},"end":{"line":7,"column":33}},"loc":{"start":{"line":7,"column":59},"end":{"line":29,"column":1}},"line":7}},"branchMap":{"0":{"loc":{"start":{"line":11,"column":4},"end":{"line":13,"column":5}},"type":"if","locations":[{"start":{"line":11,"column":4},"end":{"line":13,"column":5}},{"start":{},"end":{}}],"line":11}},"s":{"0":2,"1":2,"2":3,"3":3,"4":3,"5":1,"6":2,"7":2,"8":1,"9":2,"10":2},"f":{"0":3},"b":{"0":[1,2]},"_coverageSchema":"1a1c01bbd47fc00a2c39e90264f33305004495a9","hash":"12ce0d79e7ad8a1beb4adc7bd281a6b24932c733"}
}
