TN:
SF:server/config/config.js
FNF:0
FNH:0
DA:3,2
LF:1
LH:1
BRF:0
BRH:0
end_of_record
TN:
SF:server/config/database.js
FNF:0
FNH:0
DA:5,14
LF:1
LH:1
BRF:0
BRH:0
end_of_record
TN:
SF:server/controllers/authController.js
FN:11,(anonymous_0)
FN:42,(anonymous_1)
FN:76,(anonymous_2)
FN:80,(anonymous_3)
FN:93,(anonymous_4)
FNF:5
FNH:5
FNDA:3,(anonymous_0)
FNDA:3,(anonymous_1)
FNDA:1,(anonymous_2)
FNDA:2,(anonymous_3)
FNDA:3,(anonymous_4)
DA:8,2
DA:11,2
DA:12,3
DA:15,3
DA:16,1
DA:19,2
DA:21,2
DA:24,2
DA:27,1
DA:30,1
DA:33,1
DA:36,1
DA:37,1
DA:42,2
DA:43,3
DA:45,3
DA:47,3
DA:49,2
DA:50,1
DA:54,1
DA:55,1
DA:56,0
DA:60,1
DA:63,1
DA:66,1
DA:69,1
DA:70,1
DA:76,2
DA:77,1
DA:80,2
DA:81,2
DA:82,2
DA:83,2
DA:84,1
DA:85,1
DA:86,1
DA:87,1
DA:89,1
DA:93,2
DA:94,3
DA:96,3
DA:97,3
DA:98,2
DA:99,1
DA:101,1
DA:104,1
DA:105,1
LF:47
LH:46
BRDA:15,0,0,1
BRDA:15,0,1,2
BRDA:15,1,0,3
BRDA:15,1,1,2
BRDA:15,1,2,2
BRDA:49,2,0,1
BRDA:49,2,1,1
BRDA:55,3,0,0
BRDA:55,3,1,1
BRDA:98,4,0,1
BRDA:98,4,1,1
BRF:11
BRH:10
end_of_record
TN:
SF:server/controllers/eventController.js
FN:6,(anonymous_0)
FN:17,(anonymous_1)
FN:26,(anonymous_2)
FN:39,(anonymous_3)
FN:61,(anonymous_4)
FN:75,(anonymous_5)
FNF:6
FNH:6
FNDA:2,(anonymous_0)
FNDA:2,(anonymous_1)
FNDA:3,(anonymous_2)
FNDA:3,(anonymous_3)
FNDA:3,(anonymous_4)
FNDA:3,(anonymous_5)
DA:6,2
DA:7,2
DA:8,2
DA:9,2
DA:10,2
DA:11,1
DA:13,1
DA:17,2
DA:18,2
DA:19,2
DA:20,1
DA:22,1
DA:26,2
DA:27,3
DA:28,3
DA:29,2
DA:30,1
DA:32,1
DA:34,1
DA:39,2
DA:40,3
DA:41,3
DA:43,3
DA:44,3
DA:45,2
DA:46,1
DA:49,1
DA:55,1
DA:57,1
DA:61,2
DA:62,3
DA:63,3
DA:64,2
DA:65,1
DA:67,1
DA:68,1
DA:70,1
DA:75,2
DA:76,3
DA:77,3
DA:78,2
DA:79,1
DA:81,1
DA:82,1
DA:84,1
LF:45
LH:45
BRDA:29,0,0,1
BRDA:29,0,1,1
BRDA:45,1,0,1
BRDA:45,1,1,1
BRDA:64,2,0,1
BRDA:64,2,1,1
BRDA:78,3,0,1
BRDA:78,3,1,1
BRF:8
BRH:8
end_of_record
TN:
SF:server/controllers/historyController.js
FN:7,(anonymous_0)
FN:39,(anonymous_1)
FN:50,(anonymous_2)
FN:51,(anonymous_3)
FNF:4
FNH:4
FNDA:4,(anonymous_0)
FNDA:1,(anonymous_1)
FNDA:1,(anonymous_2)
FNDA:1,(anonymous_3)
DA:7,2
DA:8,4
DA:10,4
DA:13,4
DA:14,1
DA:17,3
DA:19,3
DA:32,2
DA:34,2
DA:35,1
DA:39,1
DA:42,1
DA:47,1
DA:50,1
DA:51,1
DA:52,1
DA:65,1
DA:67,1
DA:68,1
LF:19
LH:19
BRDA:13,0,0,1
BRDA:13,0,1,3
BRDA:34,1,0,1
BRDA:34,1,1,1
BRDA:53,2,0,1
BRDA:53,2,1,0
BRF:6
BRH:5
end_of_record
TN:
SF:server/controllers/matchingController.js
FN:9,(anonymous_0)
FN:36,(anonymous_1)
FN:42,(anonymous_2)
FN:44,(anonymous_3)
FN:47,(anonymous_4)
FN:66,(anonymous_5)
FN:90,(anonymous_6)
FNF:7
FNH:0
FNDA:0,(anonymous_0)
FNDA:0,(anonymous_1)
FNDA:0,(anonymous_2)
FNDA:0,(anonymous_3)
FNDA:0,(anonymous_4)
FNDA:0,(anonymous_5)
FNDA:0,(anonymous_6)
DA:9,1
DA:10,0
DA:11,0
DA:14,0
DA:19,0
DA:20,0
DA:24,0
DA:25,0
DA:26,0
DA:28,0
DA:29,0
DA:33,0
DA:34,0
DA:36,0
DA:39,0
DA:42,0
DA:44,0
DA:47,0
DA:50,0
DA:51,0
DA:54,0
DA:59,0
DA:61,0
DA:62,0
DA:66,1
DA:67,0
DA:68,0
DA:79,0
DA:80,0
DA:83,0
DA:85,0
DA:86,0
DA:90,1
DA:91,0
DA:92,0
DA:93,0
DA:94,0
DA:96,0
DA:101,0
DA:102,0
DA:106,0
DA:112,0
DA:115,0
DA:117,0
DA:118,0
LF:45
LH:3
BRDA:19,0,0,0
BRDA:19,0,1,0
BRDA:33,1,0,0
BRDA:33,1,1,0
BRDA:54,2,0,0
BRDA:54,2,1,0
BRDA:79,3,0,0
BRDA:79,3,1,0
BRDA:101,4,0,0
BRDA:101,4,1,0
BRF:10
BRH:0
end_of_record
TN:
SF:server/controllers/notificationController.js
FN:4,(anonymous_0)
FNF:1
FNH:0
FNDA:0,(anonymous_0)
DA:4,1
DA:5,0
DA:6,0
DA:7,0
DA:8,0
DA:9,0
DA:11,0
DA:12,0
LF:8
LH:1
BRF:0
BRH:0
end_of_record
TN:
SF:server/controllers/profileController.js
FN:5,(anonymous_0)
FN:29,(anonymous_1)
FN:67,(anonymous_2)
FNF:3
FNH:3
FNDA:3,(anonymous_0)
FNDA:2,(anonymous_1)
FNDA:3,(anonymous_2)
DA:5,2
DA:6,3
DA:8,3
DA:9,3
DA:11,2
DA:12,1
DA:13,1
DA:17,1
DA:18,1
DA:21,1
DA:23,2
DA:24,2
DA:29,2
DA:30,2
DA:42,2
DA:44,2
DA:46,2
DA:47,2
DA:60,1
DA:62,1
DA:63,1
DA:67,2
DA:68,3
DA:69,3
DA:71,3
DA:72,3
DA:74,3
DA:75,1
DA:78,2
DA:79,2
DA:82,2
DA:83,2
DA:86,2
DA:89,1
DA:92,1
DA:93,1
DA:95,1
DA:97,2
DA:98,2
LF:39
LH:39
BRDA:11,0,0,1
BRDA:11,0,1,1
BRDA:17,1,0,1
BRDA:17,1,1,0
BRDA:18,2,0,1
BRDA:18,2,1,0
BRDA:74,3,0,1
BRDA:74,3,1,2
BRDA:78,4,0,2
BRDA:78,4,1,0
BRDA:82,5,0,2
BRDA:82,5,1,0
BRDA:92,6,0,1
BRDA:92,6,1,0
BRDA:93,7,0,1
BRDA:93,7,1,0
BRF:16
BRH:10
end_of_record
TN:
SF:server/middlewares/authMiddleware.js
FN:7,authMiddleware
FNF:1
FNH:1
FNDA:3,authMiddleware
DA:5,6
DA:8,3
DA:9,3
DA:10,1
DA:12,2
DA:13,2
DA:14,1
DA:19,1
DA:21,1
LF:9
LH:9
BRDA:9,0,0,1
BRDA:9,0,1,2
BRF:2
BRH:2
end_of_record
TN:
SF:server/models/EventDetails.js
FNF:0
FNH:0
DA:6,6
LF:1
LH:1
BRF:0
BRH:0
end_of_record
TN:
SF:server/models/UserCredentials.js
FNF:0
FNH:0
DA:6,8
LF:1
LH:1
BRF:0
BRH:0
end_of_record
TN:
SF:server/models/UserProfile.js
FNF:0
FNH:0
DA:6,5
DA:63,5
LF:2
LH:2
BRF:0
BRH:0
end_of_record
TN:
SF:server/models/VolunteerHistory.js
FNF:0
FNH:0
DA:5,5
LF:1
LH:1
BRF:0
BRH:0
end_of_record
TN:
SF:server/routes/authRoutes.js
FNF:0
FNH:0
DA:6,1
DA:8,1
DA:9,1
DA:10,1
DA:11,1
DA:12,1
LF:6
LH:6
BRF:0
BRH:0
end_of_record
TN:
SF:server/routes/eventRoutes.js
FNF:0
FNH:0
DA:6,1
DA:8,1
DA:9,1
DA:10,1
DA:11,1
DA:12,1
DA:13,1
LF:7
LH:7
BRF:0
BRH:0
end_of_record
TN:
SF:server/routes/historyRoutes.js
FNF:0
FNH:0
DA:6,1
DA:8,1
LF:2
LH:2
BRF:0
BRH:0
end_of_record
TN:
SF:server/routes/matchingRoutes.js
FNF:0
FNH:0
DA:7,1
DA:10,1
DA:13,1
DA:16,1
LF:4
LH:4
BRF:0
BRH:0
end_of_record
TN:
SF:server/routes/notificationRoutes.js
FNF:0
FNH:0
DA:6,1
DA:8,1
LF:2
LH:2
BRF:0
BRH:0
end_of_record
TN:
SF:server/routes/profileRoutes.js
FNF:0
FNH:0
DA:7,1
DA:9,1
DA:10,1
DA:11,1
LF:4
LH:4
BRF:0
BRH:0
end_of_record
TN:
SF:server/services/sendNotification.js
FN:7,(anonymous_0)
FNF:1
FNH:0
FNDA:0,(anonymous_0)
DA:5,1
DA:7,1
DA:8,0
DA:9,0
DA:11,0
DA:12,0
DA:15,0
DA:23,0
DA:24,0
DA:26,0
DA:27,0
LF:11
LH:2
BRDA:11,0,0,0
BRDA:11,0,1,0
BRF:2
BRH:0
end_of_record
