TN:
SF:server/config/config.js
FNF:0
FNH:0
DA:2,15
DA:5,15
DA:6,15
DA:7,15
DA:8,15
DA:9,15
DA:11,15
LF:7
LH:7
BRDA:14,0,0,15
BRDA:14,0,1,15
BRDA:15,1,0,15
BRDA:15,1,1,15
BRDA:16,2,0,15
BRDA:16,2,1,15
BRDA:17,3,0,15
BRDA:17,3,1,15
BRDA:18,4,0,15
BRDA:18,4,1,15
BRF:10
BRH:10
end_of_record
TN:
SF:server/config/database.js
FN:15,(anonymous_0)
FNF:1
FNH:1
FNDA:14,(anonymous_0)
DA:5,14
DA:7,14
DA:15,14
DA:16,14
DA:17,14
DA:18,0
DA:20,7
DA:24,14
LF:8
LH:7
BRF:0
BRH:0
end_of_record
TN:
SF:server/controllers/authController.js
FN:11,(anonymous_0)
FN:50,(anonymous_1)
FN:86,(anonymous_2)
FN:90,(anonymous_3)
FN:103,(anonymous_4)
FNF:5
FNH:0
FNDA:0,(anonymous_0)
FNDA:0,(anonymous_1)
FNDA:0,(anonymous_2)
FNDA:0,(anonymous_3)
FNDA:0,(anonymous_4)
DA:8,1
DA:11,1
DA:12,0
DA:15,0
DA:16,0
DA:19,0
DA:21,0
DA:23,0
DA:26,0
DA:35,0
DA:38,0
DA:42,0
DA:45,0
DA:46,0
DA:50,1
DA:51,0
DA:53,0
DA:55,0
DA:57,0
DA:58,0
DA:61,0
DA:64,0
DA:66,0
DA:70,0
DA:73,0
DA:76,0
DA:79,0
DA:80,0
DA:86,1
DA:87,0
DA:90,1
DA:91,0
DA:92,0
DA:93,0
DA:94,0
DA:95,0
DA:96,0
DA:97,0
DA:99,0
DA:103,1
DA:104,0
DA:106,0
DA:107,0
DA:108,0
DA:109,0
DA:111,0
DA:114,0
DA:115,0
LF:48
LH:6
BRDA:15,0,0,0
BRDA:15,0,1,0
BRDA:15,1,0,0
BRDA:15,1,1,0
BRDA:15,1,2,0
BRDA:19,2,0,0
BRDA:19,2,1,0
BRDA:57,3,0,0
BRDA:57,3,1,0
BRDA:64,4,0,0
BRDA:64,4,1,0
BRDA:108,5,0,0
BRDA:108,5,1,0
BRF:13
BRH:0
end_of_record
TN:
SF:server/controllers/eventController.js
FN:6,(anonymous_0)
FN:17,(anonymous_1)
FN:34,(anonymous_2)
FN:44,(anonymous_3)
FN:67,(anonymous_4)
FNF:5
FNH:3
FNDA:2,(anonymous_0)
FNDA:0,(anonymous_1)
FNDA:0,(anonymous_2)
FNDA:3,(anonymous_3)
FNDA:3,(anonymous_4)
DA:6,2
DA:7,2
DA:8,2
DA:9,2
DA:10,2
DA:11,1
DA:13,1
DA:17,2
DA:18,0
DA:20,0
DA:21,0
DA:23,0
DA:24,0
DA:27,0
DA:29,0
DA:30,0
DA:34,2
DA:35,0
DA:36,0
DA:37,0
DA:39,0
DA:40,0
DA:44,2
DA:45,3
DA:46,3
DA:48,3
DA:49,3
DA:54,0
DA:55,0
DA:58,0
DA:59,0
DA:61,3
DA:62,3
DA:67,2
DA:68,3
DA:70,3
DA:72,3
DA:77,3
DA:81,3
DA:83,0
DA:84,0
LF:41
LH:22
BRDA:23,0,0,0
BRDA:23,0,1,0
BRDA:54,1,0,0
BRDA:54,1,1,0
BRF:4
BRH:0
end_of_record
TN:
SF:server/controllers/historyController.js
FN:7,(anonymous_0)
FN:39,(anonymous_1)
FN:50,(anonymous_2)
FN:51,(anonymous_3)
FNF:4
FNH:4
FNDA:4,(anonymous_0)
FNDA:1,(anonymous_1)
FNDA:1,(anonymous_2)
FNDA:1,(anonymous_3)
DA:7,2
DA:8,4
DA:10,4
DA:13,4
DA:14,1
DA:17,3
DA:19,3
DA:32,2
DA:34,2
DA:35,1
DA:39,1
DA:42,1
DA:47,1
DA:50,1
DA:51,1
DA:52,1
DA:65,1
DA:67,1
DA:68,1
LF:19
LH:19
BRDA:13,0,0,1
BRDA:13,0,1,3
BRDA:34,1,0,1
BRDA:34,1,1,1
BRDA:53,2,0,1
BRDA:53,2,1,0
BRF:6
BRH:5
end_of_record
TN:
SF:server/controllers/matchingController.js
FN:10,(anonymous_0)
FN:38,(anonymous_1)
FN:44,(anonymous_2)
FN:46,(anonymous_3)
FN:49,(anonymous_4)
FN:68,(anonymous_5)
FN:92,(anonymous_6)
FNF:7
FNH:0
FNDA:0,(anonymous_0)
FNDA:0,(anonymous_1)
FNDA:0,(anonymous_2)
FNDA:0,(anonymous_3)
FNDA:0,(anonymous_4)
FNDA:0,(anonymous_5)
FNDA:0,(anonymous_6)
DA:10,1
DA:11,0
DA:13,0
DA:16,0
DA:21,0
DA:22,0
DA:26,0
DA:27,0
DA:28,0
DA:30,0
DA:31,0
DA:35,0
DA:36,0
DA:38,0
DA:41,0
DA:44,0
DA:46,0
DA:49,0
DA:52,0
DA:53,0
DA:56,0
DA:61,0
DA:63,0
DA:64,0
DA:68,1
DA:69,0
DA:70,0
DA:81,0
DA:82,0
DA:85,0
DA:87,0
DA:88,0
DA:92,1
DA:93,0
DA:94,0
DA:95,0
DA:96,0
DA:99,0
DA:103,0
DA:104,0
DA:108,0
DA:114,0
DA:117,0
DA:122,0
DA:123,0
DA:126,0
DA:129,0
DA:130,0
DA:131,0
DA:135,0
DA:144,0
DA:161,0
DA:162,0
DA:165,0
DA:167,0
DA:168,0
LF:56
LH:3
BRDA:21,0,0,0
BRDA:21,0,1,0
BRDA:35,1,0,0
BRDA:35,1,1,0
BRDA:56,2,0,0
BRDA:56,2,1,0
BRDA:81,3,0,0
BRDA:81,3,1,0
BRDA:103,4,0,0
BRDA:103,4,1,0
BRDA:122,5,0,0
BRDA:122,5,1,0
BRDA:129,6,0,0
BRDA:129,6,1,0
BRF:14
BRH:0
end_of_record
TN:
SF:server/controllers/notificationController.js
FN:4,(anonymous_0)
FNF:1
FNH:0
FNDA:0,(anonymous_0)
DA:4,1
DA:5,0
DA:6,0
DA:7,0
DA:8,0
DA:9,0
DA:11,0
DA:12,0
LF:8
LH:1
BRF:0
BRH:0
end_of_record
TN:
SF:server/controllers/profileController.js
FN:6,(anonymous_0)
FN:30,(anonymous_1)
FN:67,(anonymous_2)
FNF:3
FNH:3
FNDA:3,(anonymous_0)
FNDA:2,(anonymous_1)
FNDA:3,(anonymous_2)
DA:6,2
DA:7,3
DA:9,3
DA:10,3
DA:12,2
DA:13,1
DA:14,1
DA:16,1
DA:18,1
DA:19,1
DA:20,1
DA:22,1
DA:24,2
DA:25,2
DA:30,2
DA:31,2
DA:43,2
DA:45,2
DA:46,2
DA:59,1
DA:61,1
DA:62,1
DA:67,2
DA:68,3
DA:69,3
DA:71,3
DA:72,3
DA:74,3
DA:75,1
DA:77,2
DA:78,2
DA:79,2
DA:82,2
DA:84,2
DA:85,0
DA:86,0
DA:90,2
DA:93,1
DA:96,1
DA:97,1
DA:99,1
DA:101,2
DA:102,2
LF:43
LH:41
BRDA:12,0,0,1
BRDA:12,0,1,1
BRDA:18,1,0,1
BRDA:18,1,1,0
BRDA:19,2,0,1
BRDA:19,2,1,0
BRDA:74,3,0,1
BRDA:74,3,1,2
BRDA:78,4,0,2
BRDA:78,4,1,0
BRDA:84,5,0,0
BRDA:84,5,1,2
BRDA:96,6,0,1
BRDA:96,6,1,0
BRDA:97,7,0,1
BRDA:97,7,1,0
BRF:16
BRH:10
end_of_record
TN:
SF:server/middlewares/authMiddleware.js
FN:7,authMiddleware
FNF:1
FNH:1
FNDA:3,authMiddleware
DA:5,6
DA:8,3
DA:9,3
DA:10,1
DA:12,2
DA:13,2
DA:14,1
DA:19,1
DA:21,1
LF:9
LH:9
BRDA:9,0,0,1
BRDA:9,0,1,2
BRF:2
BRH:2
end_of_record
TN:
SF:server/models/EventDetails.js
FNF:0
FNH:0
DA:6,6
LF:1
LH:1
BRF:0
BRH:0
end_of_record
TN:
SF:server/models/UserCredentials.js
FNF:0
FNH:0
DA:6,8
LF:1
LH:1
BRF:0
BRH:0
end_of_record
TN:
SF:server/models/UserProfile.js
FNF:0
FNH:0
DA:6,5
DA:63,5
LF:2
LH:2
BRF:0
BRH:0
end_of_record
TN:
SF:server/models/VolunteerHistory.js
FNF:0
FNH:0
DA:5,5
LF:1
LH:1
BRF:0
BRH:0
end_of_record
TN:
SF:server/routes/authRoutes.js
FNF:0
FNH:0
DA:6,1
DA:8,1
DA:9,1
DA:10,1
DA:11,1
DA:12,1
LF:6
LH:6
BRF:0
BRH:0
end_of_record
TN:
SF:server/routes/eventRoutes.js
FNF:0
FNH:0
DA:6,1
DA:8,1
DA:9,1
DA:10,1
DA:11,1
DA:12,1
LF:6
LH:6
BRF:0
BRH:0
end_of_record
TN:
SF:server/routes/historyRoutes.js
FNF:0
FNH:0
DA:6,1
DA:8,1
LF:2
LH:2
BRF:0
BRH:0
end_of_record
TN:
SF:server/routes/matchingRoutes.js
FNF:0
FNH:0
DA:7,1
DA:10,1
DA:13,1
DA:16,1
LF:4
LH:4
BRF:0
BRH:0
end_of_record
TN:
SF:server/routes/notificationRoutes.js
FNF:0
FNH:0
DA:6,1
DA:8,1
LF:2
LH:2
BRF:0
BRH:0
end_of_record
TN:
SF:server/routes/profileRoutes.js
FNF:0
FNH:0
DA:7,1
DA:9,1
DA:10,1
DA:11,1
LF:4
LH:4
BRF:0
BRH:0
end_of_record
TN:
SF:server/services/sendNotification.js
FN:7,(anonymous_0)
FNF:1
FNH:1
FNDA:3,(anonymous_0)
DA:5,2
DA:7,2
DA:8,3
DA:9,3
DA:11,3
DA:12,1
DA:15,2
DA:23,2
DA:24,1
DA:26,2
DA:27,2
LF:11
LH:11
BRDA:11,0,0,1
BRDA:11,0,1,2
BRF:2
BRH:2
end_of_record
